Analysis & Synthesis report for Assignment1
Sat Apr 20 13:59:13 2019
Quartus Prime Version 18.1.0 Build 625 09/12/2018 SJ Lite Edition


---------------------
; Table of Contents ;
---------------------
  1. Legal Notice
  2. Analysis & Synthesis Summary
  3. Analysis & Synthesis Settings
  4. Parallel Compilation
  5. Analysis & Synthesis Source Files Read
  6. Analysis & Synthesis Resource Usage Summary
  7. Analysis & Synthesis Resource Utilization by Entity
  8. General Register Statistics
  9. Multiplexer Restructuring Statistics (Restructuring Performed)
 10. Port Connectivity Checks: "booth_multiplier8:add_instance|bit_adder16:Add1|Full_Adder:fa15"
 11. Port Connectivity Checks: "booth_multiplier8:add_instance|mux:M4"
 12. Port Connectivity Checks: "booth_multiplier8:add_instance|mux:M3"
 13. Port Connectivity Checks: "booth_multiplier8:add_instance|mux:M2"
 14. Port Connectivity Checks: "booth_multiplier8:add_instance|mux:M1"
 15. Port Connectivity Checks: "booth_multiplier8:add_instance|mux2:Muxnot2"
 16. Port Connectivity Checks: "booth_multiplier8:add_instance|eightbitadder:minusA4_instance|Full_Adder:FA7"
 17. Port Connectivity Checks: "booth_multiplier8:add_instance|eightbitadder:minusA4_instance"
 18. Analysis & Synthesis Messages



----------------
; Legal Notice ;
----------------
Copyright (C) 2018  Intel Corporation. All rights reserved.
Your use of Intel Corporation's design tools, logic functions 
and other software and tools, and its AMPP partner logic 
functions, and any output files from any of the foregoing 
(including device programming or simulation files), and any 
associated documentation or information are expressly subject 
to the terms and conditions of the Intel Program License 
Subscription Agreement, the Intel Quartus Prime License Agreement,
the Intel FPGA IP License Agreement, or other applicable license
agreement, including, without limitation, that your use is for
the sole purpose of programming logic devices manufactured by
Intel and sold by Intel or its authorized distributors.  Please
refer to the applicable agreement for further details.



+---------------------------------------------------------------------------+
; Analysis & Synthesis Summary                                              ;
+-----------------------------+---------------------------------------------+
; Analysis & Synthesis Status ; Successful - Sat Apr 20 13:59:13 2019       ;
; Quartus Prime Version       ; 18.1.0 Build 625 09/12/2018 SJ Lite Edition ;
; Revision Name               ; Assignment1                                 ;
; Top-level Entity Name       ; DUT                                         ;
; Family                      ; MAX V                                       ;
; Total logic elements        ; 153                                         ;
; Total pins                  ; 32                                          ;
; Total virtual pins          ; 0                                           ;
; UFM blocks                  ; 0 / 1 ( 0 % )                               ;
+-----------------------------+---------------------------------------------+


+------------------------------------------------------------------------------------------------------------+
; Analysis & Synthesis Settings                                                                              ;
+------------------------------------------------------------------+--------------------+--------------------+
; Option                                                           ; Setting            ; Default Value      ;
+------------------------------------------------------------------+--------------------+--------------------+
; Device                                                           ; 5M1270ZT144C5      ;                    ;
; Top-level entity name                                            ; DUT                ; Assignment1        ;
; Family name                                                      ; MAX V              ; Cyclone V          ;
; Use smart compilation                                            ; Off                ; Off                ;
; Enable parallel Assembler and Timing Analyzer during compilation ; On                 ; On                 ;
; Enable compact report table                                      ; Off                ; Off                ;
; Restructure Multiplexers                                         ; Auto               ; Auto               ;
; Create Debugging Nodes for IP Cores                              ; Off                ; Off                ;
; Preserve fewer node names                                        ; On                 ; On                 ;
; Intel FPGA IP Evaluation Mode                                    ; Enable             ; Enable             ;
; Verilog Version                                                  ; Verilog_2001       ; Verilog_2001       ;
; VHDL Version                                                     ; VHDL_1993          ; VHDL_1993          ;
; State Machine Processing                                         ; Auto               ; Auto               ;
; Safe State Machine                                               ; Off                ; Off                ;
; Extract Verilog State Machines                                   ; On                 ; On                 ;
; Extract VHDL State Machines                                      ; On                 ; On                 ;
; Ignore Verilog initial constructs                                ; Off                ; Off                ;
; Iteration limit for constant Verilog loops                       ; 5000               ; 5000               ;
; Iteration limit for non-constant Verilog loops                   ; 250                ; 250                ;
; Add Pass-Through Logic to Inferred RAMs                          ; On                 ; On                 ;
; Infer RAMs from Raw Logic                                        ; On                 ; On                 ;
; Parallel Synthesis                                               ; On                 ; On                 ;
; NOT Gate Push-Back                                               ; On                 ; On                 ;
; Power-Up Don't Care                                              ; On                 ; On                 ;
; Remove Redundant Logic Cells                                     ; Off                ; Off                ;
; Remove Duplicate Registers                                       ; On                 ; On                 ;
; Ignore CARRY Buffers                                             ; Off                ; Off                ;
; Ignore CASCADE Buffers                                           ; Off                ; Off                ;
; Ignore GLOBAL Buffers                                            ; Off                ; Off                ;
; Ignore ROW GLOBAL Buffers                                        ; Off                ; Off                ;
; Ignore LCELL Buffers                                             ; Off                ; Off                ;
; Ignore SOFT Buffers                                              ; On                 ; On                 ;
; Limit AHDL Integers to 32 Bits                                   ; Off                ; Off                ;
; Optimization Technique                                           ; Balanced           ; Balanced           ;
; Carry Chain Length                                               ; 70                 ; 70                 ;
; Auto Carry Chains                                                ; On                 ; On                 ;
; Auto Open-Drain Pins                                             ; On                 ; On                 ;
; Perform WYSIWYG Primitive Resynthesis                            ; Off                ; Off                ;
; Auto Shift Register Replacement                                  ; Auto               ; Auto               ;
; Allow Shift Register Merging across Hierarchies                  ; Auto               ; Auto               ;
; Auto Clock Enable Replacement                                    ; On                 ; On                 ;
; Allow Synchronous Control Signals                                ; On                 ; On                 ;
; Force Use of Synchronous Clear Signals                           ; Off                ; Off                ;
; Auto Resource Sharing                                            ; Off                ; Off                ;
; Use LogicLock Constraints during Resource Balancing              ; On                 ; On                 ;
; Ignore translate_off and synthesis_off directives                ; Off                ; Off                ;
; Report Parameter Settings                                        ; On                 ; On                 ;
; Report Source Assignments                                        ; On                 ; On                 ;
; Report Connectivity Checks                                       ; On                 ; On                 ;
; Ignore Maximum Fan-Out Assignments                               ; Off                ; Off                ;
; Synchronization Register Chain Length                            ; 2                  ; 2                  ;
; Power Optimization During Synthesis                              ; Normal compilation ; Normal compilation ;
; HDL message level                                                ; Level2             ; Level2             ;
; Suppress Register Optimization Related Messages                  ; Off                ; Off                ;
; Number of Removed Registers Reported in Synthesis Report         ; 5000               ; 5000               ;
; Number of Swept Nodes Reported in Synthesis Report               ; 5000               ; 5000               ;
; Number of Inverted Registers Reported in Synthesis Report        ; 100                ; 100                ;
; Clock MUX Protection                                             ; On                 ; On                 ;
; Block Design Naming                                              ; Auto               ; Auto               ;
; Synthesis Effort                                                 ; Auto               ; Auto               ;
; Shift Register Replacement - Allow Asynchronous Clear Signal     ; On                 ; On                 ;
; Analysis & Synthesis Message Level                               ; Medium             ; Medium             ;
; Disable Register Merging Across Hierarchies                      ; Auto               ; Auto               ;
+------------------------------------------------------------------+--------------------+--------------------+


+------------------------------------------+
; Parallel Compilation                     ;
+----------------------------+-------------+
; Processors                 ; Number      ;
+----------------------------+-------------+
; Number detected on machine ; 4           ;
; Maximum allowed            ; 2           ;
;                            ;             ;
; Average used               ; 1.00        ;
; Maximum used               ; 1           ;
;                            ;             ;
; Usage by Processor         ; % Time Used ;
;     Processor 1            ; 100.0%      ;
+----------------------------+-------------+


+--------------------------------------------------------------------------------------------------------------------------------------------------+
; Analysis & Synthesis Source Files Read                                                                                                           ;
+----------------------------------+-----------------+-----------------+-----------------------------------------------------------------+---------+
; File Name with User-Entered Path ; Used in Netlist ; File Type       ; File Name with Absolute Path                                    ; Library ;
+----------------------------------+-----------------+-----------------+-----------------------------------------------------------------+---------+
; eightbitadder.vhdl               ; yes             ; User VHDL File  ; C:/intelFPGA_lite/18.1/Projects/EE224_A1/eightbitadder.vhdl     ;         ;
; DUT.vhdl                         ; yes             ; User VHDL File  ; C:/intelFPGA_lite/18.1/Projects/EE224_A1/DUT.vhdl               ;         ;
; mux2.vhdl                        ; yes             ; User VHDL File  ; C:/intelFPGA_lite/18.1/Projects/EE224_A1/mux2.vhdl              ;         ;
; mux.vhdl                         ; yes             ; User VHDL File  ; C:/intelFPGA_lite/18.1/Projects/EE224_A1/mux.vhdl               ;         ;
; Gates.vhdl                       ; yes             ; User VHDL File  ; C:/intelFPGA_lite/18.1/Projects/EE224_A1/Gates.vhdl             ;         ;
; booth_multiplier8.vhdl           ; yes             ; User VHDL File  ; C:/intelFPGA_lite/18.1/Projects/EE224_A1/booth_multiplier8.vhdl ;         ;
; bit_adder16.vhdl                 ; yes             ; User VHDL File  ; C:/intelFPGA_lite/18.1/Projects/EE224_A1/bit_adder16.vhdl       ;         ;
+----------------------------------+-----------------+-----------------+-----------------------------------------------------------------+---------+


+---------------------------------------------------------------+
; Analysis & Synthesis Resource Usage Summary                   ;
+---------------------------------------------+-----------------+
; Resource                                    ; Usage           ;
+---------------------------------------------+-----------------+
; Total logic elements                        ; 153             ;
;     -- Combinational with no register       ; 153             ;
;     -- Register only                        ; 0               ;
;     -- Combinational with a register        ; 0               ;
;                                             ;                 ;
; Logic element usage by number of LUT inputs ;                 ;
;     -- 4 input functions                    ; 115             ;
;     -- 3 input functions                    ; 33              ;
;     -- 2 input functions                    ; 5               ;
;     -- 1 input functions                    ; 0               ;
;     -- 0 input functions                    ; 0               ;
;                                             ;                 ;
; Logic elements by mode                      ;                 ;
;     -- normal mode                          ; 153             ;
;     -- arithmetic mode                      ; 0               ;
;     -- qfbk mode                            ; 0               ;
;     -- register cascade mode                ; 0               ;
;     -- synchronous clear/load mode          ; 0               ;
;     -- asynchronous clear/load mode         ; 0               ;
;                                             ;                 ;
; Total registers                             ; 0               ;
; I/O pins                                    ; 32              ;
; Maximum fan-out node                        ; input_vector[1] ;
; Maximum fan-out                             ; 25              ;
; Total fan-out                               ; 585             ;
; Average fan-out                             ; 3.16            ;
+---------------------------------------------+-----------------+


+------------------------------------------------------------------------------------------------------------------------------------------------------------------------------------------------------------------------------------------------------------------------------------------------------------------+
; Analysis & Synthesis Resource Utilization by Entity                                                                                                                                                                                                                                                              ;
+-------------------------------------+-------------+--------------+------------+------+--------------+--------------+-------------------+------------------+-----------------+------------+------------------------------------------------------------------------------------+-------------------+--------------+
; Compilation Hierarchy Node          ; Logic Cells ; LC Registers ; UFM Blocks ; Pins ; Virtual Pins ; LUT-Only LCs ; Register-Only LCs ; LUT/Register LCs ; Carry Chain LCs ; Packed LCs ; Full Hierarchy Name                                                                ; Entity Name       ; Library Name ;
+-------------------------------------+-------------+--------------+------------+------+--------------+--------------+-------------------+------------------+-----------------+------------+------------------------------------------------------------------------------------+-------------------+--------------+
; |DUT                                ; 153 (0)     ; 0            ; 0          ; 32   ; 0            ; 153 (0)      ; 0 (0)             ; 0 (0)            ; 0 (0)           ; 0 (0)      ; |DUT                                                                               ; DUT               ; work         ;
;    |booth_multiplier8:add_instance| ; 153 (0)     ; 0            ; 0          ; 0    ; 0            ; 153 (0)      ; 0 (0)             ; 0 (0)            ; 0 (0)           ; 0 (0)      ; |DUT|booth_multiplier8:add_instance                                                ; booth_multiplier8 ; work         ;
;       |bit_adder16:Add1|            ; 20 (0)      ; 0            ; 0          ; 0    ; 0            ; 20 (0)       ; 0 (0)             ; 0 (0)            ; 0 (0)           ; 0 (0)      ; |DUT|booth_multiplier8:add_instance|bit_adder16:Add1                               ; bit_adder16       ; work         ;
;          |Full_Adder:fa10|          ; 2 (0)       ; 0            ; 0          ; 0    ; 0            ; 2 (0)        ; 0 (0)             ; 0 (0)            ; 0 (0)           ; 0 (0)      ; |DUT|booth_multiplier8:add_instance|bit_adder16:Add1|Full_Adder:fa10               ; Full_Adder        ; work         ;
;             |HALF_ADDER:ha|         ; 1 (1)       ; 0            ; 0          ; 0    ; 0            ; 1 (1)        ; 0 (0)             ; 0 (0)            ; 0 (0)           ; 0 (0)      ; |DUT|booth_multiplier8:add_instance|bit_adder16:Add1|Full_Adder:fa10|HALF_ADDER:ha ; HALF_ADDER        ; work         ;
;             |OR_2:o1|               ; 1 (1)       ; 0            ; 0          ; 0    ; 0            ; 1 (1)        ; 0 (0)             ; 0 (0)            ; 0 (0)           ; 0 (0)      ; |DUT|booth_multiplier8:add_instance|bit_adder16:Add1|Full_Adder:fa10|OR_2:o1       ; OR_2              ; work         ;
;          |Full_Adder:fa11|          ; 2 (0)       ; 0            ; 0          ; 0    ; 0            ; 2 (0)        ; 0 (0)             ; 0 (0)            ; 0 (0)           ; 0 (0)      ; |DUT|booth_multiplier8:add_instance|bit_adder16:Add1|Full_Adder:fa11               ; Full_Adder        ; work         ;
;             |HALF_ADDER:ha|         ; 1 (1)       ; 0            ; 0          ; 0    ; 0            ; 1 (1)        ; 0 (0)             ; 0 (0)            ; 0 (0)           ; 0 (0)      ; |DUT|booth_multiplier8:add_instance|bit_adder16:Add1|Full_Adder:fa11|HALF_ADDER:ha ; HALF_ADDER        ; work         ;
;             |OR_2:o1|               ; 1 (1)       ; 0            ; 0          ; 0    ; 0            ; 1 (1)        ; 0 (0)             ; 0 (0)            ; 0 (0)           ; 0 (0)      ; |DUT|booth_multiplier8:add_instance|bit_adder16:Add1|Full_Adder:fa11|OR_2:o1       ; OR_2              ; work         ;
;          |Full_Adder:fa12|          ; 1 (0)       ; 0            ; 0          ; 0    ; 0            ; 1 (0)        ; 0 (0)             ; 0 (0)            ; 0 (0)           ; 0 (0)      ; |DUT|booth_multiplier8:add_instance|bit_adder16:Add1|Full_Adder:fa12               ; Full_Adder        ; work         ;
;             |OR_2:o1|               ; 1 (1)       ; 0            ; 0          ; 0    ; 0            ; 1 (1)        ; 0 (0)             ; 0 (0)            ; 0 (0)           ; 0 (0)      ; |DUT|booth_multiplier8:add_instance|bit_adder16:Add1|Full_Adder:fa12|OR_2:o1       ; OR_2              ; work         ;
;          |Full_Adder:fa2|           ; 1 (0)       ; 0            ; 0          ; 0    ; 0            ; 1 (0)        ; 0 (0)             ; 0 (0)            ; 0 (0)           ; 0 (0)      ; |DUT|booth_multiplier8:add_instance|bit_adder16:Add1|Full_Adder:fa2                ; Full_Adder        ; work         ;
;             |HALF_ADDER:ha|         ; 1 (1)       ; 0            ; 0          ; 0    ; 0            ; 1 (1)        ; 0 (0)             ; 0 (0)            ; 0 (0)           ; 0 (0)      ; |DUT|booth_multiplier8:add_instance|bit_adder16:Add1|Full_Adder:fa2|HALF_ADDER:ha  ; HALF_ADDER        ; work         ;
;          |Full_Adder:fa3|           ; 2 (0)       ; 0            ; 0          ; 0    ; 0            ; 2 (0)        ; 0 (0)             ; 0 (0)            ; 0 (0)           ; 0 (0)      ; |DUT|booth_multiplier8:add_instance|bit_adder16:Add1|Full_Adder:fa3                ; Full_Adder        ; work         ;
;             |OR_2:o1|               ; 1 (1)       ; 0            ; 0          ; 0    ; 0            ; 1 (1)        ; 0 (0)             ; 0 (0)            ; 0 (0)           ; 0 (0)      ; |DUT|booth_multiplier8:add_instance|bit_adder16:Add1|Full_Adder:fa3|OR_2:o1        ; OR_2              ; work         ;
;             |XOR_2:x1|              ; 1 (1)       ; 0            ; 0          ; 0    ; 0            ; 1 (1)        ; 0 (0)             ; 0 (0)            ; 0 (0)           ; 0 (0)      ; |DUT|booth_multiplier8:add_instance|bit_adder16:Add1|Full_Adder:fa3|XOR_2:x1       ; XOR_2             ; work         ;
;          |Full_Adder:fa4|           ; 2 (0)       ; 0            ; 0          ; 0    ; 0            ; 2 (0)        ; 0 (0)             ; 0 (0)            ; 0 (0)           ; 0 (0)      ; |DUT|booth_multiplier8:add_instance|bit_adder16:Add1|Full_Adder:fa4                ; Full_Adder        ; work         ;
;             |OR_2:o1|               ; 1 (1)       ; 0            ; 0          ; 0    ; 0            ; 1 (1)        ; 0 (0)             ; 0 (0)            ; 0 (0)           ; 0 (0)      ; |DUT|booth_multiplier8:add_instance|bit_adder16:Add1|Full_Adder:fa4|OR_2:o1        ; OR_2              ; work         ;
;             |XOR_2:x1|              ; 1 (1)       ; 0            ; 0          ; 0    ; 0            ; 1 (1)        ; 0 (0)             ; 0 (0)            ; 0 (0)           ; 0 (0)      ; |DUT|booth_multiplier8:add_instance|bit_adder16:Add1|Full_Adder:fa4|XOR_2:x1       ; XOR_2             ; work         ;
;          |Full_Adder:fa5|           ; 2 (0)       ; 0            ; 0          ; 0    ; 0            ; 2 (0)        ; 0 (0)             ; 0 (0)            ; 0 (0)           ; 0 (0)      ; |DUT|booth_multiplier8:add_instance|bit_adder16:Add1|Full_Adder:fa5                ; Full_Adder        ; work         ;
;             |OR_2:o1|               ; 1 (1)       ; 0            ; 0          ; 0    ; 0            ; 1 (1)        ; 0 (0)             ; 0 (0)            ; 0 (0)           ; 0 (0)      ; |DUT|booth_multiplier8:add_instance|bit_adder16:Add1|Full_Adder:fa5|OR_2:o1        ; OR_2              ; work         ;
;             |XOR_2:x1|              ; 1 (1)       ; 0            ; 0          ; 0    ; 0            ; 1 (1)        ; 0 (0)             ; 0 (0)            ; 0 (0)           ; 0 (0)      ; |DUT|booth_multiplier8:add_instance|bit_adder16:Add1|Full_Adder:fa5|XOR_2:x1       ; XOR_2             ; work         ;
;          |Full_Adder:fa6|           ; 2 (0)       ; 0            ; 0          ; 0    ; 0            ; 2 (0)        ; 0 (0)             ; 0 (0)            ; 0 (0)           ; 0 (0)      ; |DUT|booth_multiplier8:add_instance|bit_adder16:Add1|Full_Adder:fa6                ; Full_Adder        ; work         ;
;             |HALF_ADDER:ha|         ; 1 (1)       ; 0            ; 0          ; 0    ; 0            ; 1 (1)        ; 0 (0)             ; 0 (0)            ; 0 (0)           ; 0 (0)      ; |DUT|booth_multiplier8:add_instance|bit_adder16:Add1|Full_Adder:fa6|HALF_ADDER:ha  ; HALF_ADDER        ; work         ;
;             |OR_2:o1|               ; 1 (1)       ; 0            ; 0          ; 0    ; 0            ; 1 (1)        ; 0 (0)             ; 0 (0)            ; 0 (0)           ; 0 (0)      ; |DUT|booth_multiplier8:add_instance|bit_adder16:Add1|Full_Adder:fa6|OR_2:o1        ; OR_2              ; work         ;
;          |Full_Adder:fa7|           ; 2 (0)       ; 0            ; 0          ; 0    ; 0            ; 2 (0)        ; 0 (0)             ; 0 (0)            ; 0 (0)           ; 0 (0)      ; |DUT|booth_multiplier8:add_instance|bit_adder16:Add1|Full_Adder:fa7                ; Full_Adder        ; work         ;
;             |HALF_ADDER:ha|         ; 1 (1)       ; 0            ; 0          ; 0    ; 0            ; 1 (1)        ; 0 (0)             ; 0 (0)            ; 0 (0)           ; 0 (0)      ; |DUT|booth_multiplier8:add_instance|bit_adder16:Add1|Full_Adder:fa7|HALF_ADDER:ha  ; HALF_ADDER        ; work         ;
;             |OR_2:o1|               ; 1 (1)       ; 0            ; 0          ; 0    ; 0            ; 1 (1)        ; 0 (0)             ; 0 (0)            ; 0 (0)           ; 0 (0)      ; |DUT|booth_multiplier8:add_instance|bit_adder16:Add1|Full_Adder:fa7|OR_2:o1        ; OR_2              ; work         ;
;          |Full_Adder:fa8|           ; 2 (0)       ; 0            ; 0          ; 0    ; 0            ; 2 (0)        ; 0 (0)             ; 0 (0)            ; 0 (0)           ; 0 (0)      ; |DUT|booth_multiplier8:add_instance|bit_adder16:Add1|Full_Adder:fa8                ; Full_Adder        ; work         ;
;             |HALF_ADDER:ha|         ; 1 (1)       ; 0            ; 0          ; 0    ; 0            ; 1 (1)        ; 0 (0)             ; 0 (0)            ; 0 (0)           ; 0 (0)      ; |DUT|booth_multiplier8:add_instance|bit_adder16:Add1|Full_Adder:fa8|HALF_ADDER:ha  ; HALF_ADDER        ; work         ;
;             |OR_2:o1|               ; 1 (1)       ; 0            ; 0          ; 0    ; 0            ; 1 (1)        ; 0 (0)             ; 0 (0)            ; 0 (0)           ; 0 (0)      ; |DUT|booth_multiplier8:add_instance|bit_adder16:Add1|Full_Adder:fa8|OR_2:o1        ; OR_2              ; work         ;
;          |Full_Adder:fa9|           ; 2 (0)       ; 0            ; 0          ; 0    ; 0            ; 2 (0)        ; 0 (0)             ; 0 (0)            ; 0 (0)           ; 0 (0)      ; |DUT|booth_multiplier8:add_instance|bit_adder16:Add1|Full_Adder:fa9                ; Full_Adder        ; work         ;
;             |HALF_ADDER:ha|         ; 1 (1)       ; 0            ; 0          ; 0    ; 0            ; 1 (1)        ; 0 (0)             ; 0 (0)            ; 0 (0)           ; 0 (0)      ; |DUT|booth_multiplier8:add_instance|bit_adder16:Add1|Full_Adder:fa9|HALF_ADDER:ha  ; HALF_ADDER        ; work         ;
;             |OR_2:o1|               ; 1 (1)       ; 0            ; 0          ; 0    ; 0            ; 1 (1)        ; 0 (0)             ; 0 (0)            ; 0 (0)           ; 0 (0)      ; |DUT|booth_multiplier8:add_instance|bit_adder16:Add1|Full_Adder:fa9|OR_2:o1        ; OR_2              ; work         ;
;       |bit_adder16:Add2|            ; 20 (0)      ; 0            ; 0          ; 0    ; 0            ; 20 (0)       ; 0 (0)             ; 0 (0)            ; 0 (0)           ; 0 (0)      ; |DUT|booth_multiplier8:add_instance|bit_adder16:Add2                               ; bit_adder16       ; work         ;
;          |Full_Adder:fa10|          ; 2 (0)       ; 0            ; 0          ; 0    ; 0            ; 2 (0)        ; 0 (0)             ; 0 (0)            ; 0 (0)           ; 0 (0)      ; |DUT|booth_multiplier8:add_instance|bit_adder16:Add2|Full_Adder:fa10               ; Full_Adder        ; work         ;
;             |HALF_ADDER:ha|         ; 1 (1)       ; 0            ; 0          ; 0    ; 0            ; 1 (1)        ; 0 (0)             ; 0 (0)            ; 0 (0)           ; 0 (0)      ; |DUT|booth_multiplier8:add_instance|bit_adder16:Add2|Full_Adder:fa10|HALF_ADDER:ha ; HALF_ADDER        ; work         ;
;             |OR_2:o1|               ; 1 (1)       ; 0            ; 0          ; 0    ; 0            ; 1 (1)        ; 0 (0)             ; 0 (0)            ; 0 (0)           ; 0 (0)      ; |DUT|booth_multiplier8:add_instance|bit_adder16:Add2|Full_Adder:fa10|OR_2:o1       ; OR_2              ; work         ;
;          |Full_Adder:fa11|          ; 2 (0)       ; 0            ; 0          ; 0    ; 0            ; 2 (0)        ; 0 (0)             ; 0 (0)            ; 0 (0)           ; 0 (0)      ; |DUT|booth_multiplier8:add_instance|bit_adder16:Add2|Full_Adder:fa11               ; Full_Adder        ; work         ;
;             |HALF_ADDER:ha|         ; 1 (1)       ; 0            ; 0          ; 0    ; 0            ; 1 (1)        ; 0 (0)             ; 0 (0)            ; 0 (0)           ; 0 (0)      ; |DUT|booth_multiplier8:add_instance|bit_adder16:Add2|Full_Adder:fa11|HALF_ADDER:ha ; HALF_ADDER        ; work         ;
;             |OR_2:o1|               ; 1 (1)       ; 0            ; 0          ; 0    ; 0            ; 1 (1)        ; 0 (0)             ; 0 (0)            ; 0 (0)           ; 0 (0)      ; |DUT|booth_multiplier8:add_instance|bit_adder16:Add2|Full_Adder:fa11|OR_2:o1       ; OR_2              ; work         ;
;          |Full_Adder:fa12|          ; 2 (0)       ; 0            ; 0          ; 0    ; 0            ; 2 (0)        ; 0 (0)             ; 0 (0)            ; 0 (0)           ; 0 (0)      ; |DUT|booth_multiplier8:add_instance|bit_adder16:Add2|Full_Adder:fa12               ; Full_Adder        ; work         ;
;             |HALF_ADDER:ha|         ; 1 (1)       ; 0            ; 0          ; 0    ; 0            ; 1 (1)        ; 0 (0)             ; 0 (0)            ; 0 (0)           ; 0 (0)      ; |DUT|booth_multiplier8:add_instance|bit_adder16:Add2|Full_Adder:fa12|HALF_ADDER:ha ; HALF_ADDER        ; work         ;
;             |OR_2:o1|               ; 1 (1)       ; 0            ; 0          ; 0    ; 0            ; 1 (1)        ; 0 (0)             ; 0 (0)            ; 0 (0)           ; 0 (0)      ; |DUT|booth_multiplier8:add_instance|bit_adder16:Add2|Full_Adder:fa12|OR_2:o1       ; OR_2              ; work         ;
;          |Full_Adder:fa13|          ; 2 (0)       ; 0            ; 0          ; 0    ; 0            ; 2 (0)        ; 0 (0)             ; 0 (0)            ; 0 (0)           ; 0 (0)      ; |DUT|booth_multiplier8:add_instance|bit_adder16:Add2|Full_Adder:fa13               ; Full_Adder        ; work         ;
;             |HALF_ADDER:ha|         ; 1 (1)       ; 0            ; 0          ; 0    ; 0            ; 1 (1)        ; 0 (0)             ; 0 (0)            ; 0 (0)           ; 0 (0)      ; |DUT|booth_multiplier8:add_instance|bit_adder16:Add2|Full_Adder:fa13|HALF_ADDER:ha ; HALF_ADDER        ; work         ;
;             |OR_2:o1|               ; 1 (1)       ; 0            ; 0          ; 0    ; 0            ; 1 (1)        ; 0 (0)             ; 0 (0)            ; 0 (0)           ; 0 (0)      ; |DUT|booth_multiplier8:add_instance|bit_adder16:Add2|Full_Adder:fa13|OR_2:o1       ; OR_2              ; work         ;
;          |Full_Adder:fa14|          ; 1 (0)       ; 0            ; 0          ; 0    ; 0            ; 1 (0)        ; 0 (0)             ; 0 (0)            ; 0 (0)           ; 0 (0)      ; |DUT|booth_multiplier8:add_instance|bit_adder16:Add2|Full_Adder:fa14               ; Full_Adder        ; work         ;
;             |OR_2:o1|               ; 1 (1)       ; 0            ; 0          ; 0    ; 0            ; 1 (1)        ; 0 (0)             ; 0 (0)            ; 0 (0)           ; 0 (0)      ; |DUT|booth_multiplier8:add_instance|bit_adder16:Add2|Full_Adder:fa14|OR_2:o1       ; OR_2              ; work         ;
;          |Full_Adder:fa4|           ; 1 (0)       ; 0            ; 0          ; 0    ; 0            ; 1 (0)        ; 0 (0)             ; 0 (0)            ; 0 (0)           ; 0 (0)      ; |DUT|booth_multiplier8:add_instance|bit_adder16:Add2|Full_Adder:fa4                ; Full_Adder        ; work         ;
;             |HALF_ADDER:ha|         ; 1 (1)       ; 0            ; 0          ; 0    ; 0            ; 1 (1)        ; 0 (0)             ; 0 (0)            ; 0 (0)           ; 0 (0)      ; |DUT|booth_multiplier8:add_instance|bit_adder16:Add2|Full_Adder:fa4|HALF_ADDER:ha  ; HALF_ADDER        ; work         ;
;          |Full_Adder:fa5|           ; 2 (0)       ; 0            ; 0          ; 0    ; 0            ; 2 (0)        ; 0 (0)             ; 0 (0)            ; 0 (0)           ; 0 (0)      ; |DUT|booth_multiplier8:add_instance|bit_adder16:Add2|Full_Adder:fa5                ; Full_Adder        ; work         ;
;             |OR_2:o1|               ; 1 (1)       ; 0            ; 0          ; 0    ; 0            ; 1 (1)        ; 0 (0)             ; 0 (0)            ; 0 (0)           ; 0 (0)      ; |DUT|booth_multiplier8:add_instance|bit_adder16:Add2|Full_Adder:fa5|OR_2:o1        ; OR_2              ; work         ;
;             |XOR_2:x1|              ; 1 (1)       ; 0            ; 0          ; 0    ; 0            ; 1 (1)        ; 0 (0)             ; 0 (0)            ; 0 (0)           ; 0 (0)      ; |DUT|booth_multiplier8:add_instance|bit_adder16:Add2|Full_Adder:fa5|XOR_2:x1       ; XOR_2             ; work         ;
;          |Full_Adder:fa6|           ; 2 (0)       ; 0            ; 0          ; 0    ; 0            ; 2 (0)        ; 0 (0)             ; 0 (0)            ; 0 (0)           ; 0 (0)      ; |DUT|booth_multiplier8:add_instance|bit_adder16:Add2|Full_Adder:fa6                ; Full_Adder        ; work         ;
;             |OR_2:o1|               ; 1 (1)       ; 0            ; 0          ; 0    ; 0            ; 1 (1)        ; 0 (0)             ; 0 (0)            ; 0 (0)           ; 0 (0)      ; |DUT|booth_multiplier8:add_instance|bit_adder16:Add2|Full_Adder:fa6|OR_2:o1        ; OR_2              ; work         ;
;             |XOR_2:x1|              ; 1 (1)       ; 0            ; 0          ; 0    ; 0            ; 1 (1)        ; 0 (0)             ; 0 (0)            ; 0 (0)           ; 0 (0)      ; |DUT|booth_multiplier8:add_instance|bit_adder16:Add2|Full_Adder:fa6|XOR_2:x1       ; XOR_2             ; work         ;
;          |Full_Adder:fa7|           ; 2 (0)       ; 0            ; 0          ; 0    ; 0            ; 2 (0)        ; 0 (0)             ; 0 (0)            ; 0 (0)           ; 0 (0)      ; |DUT|booth_multiplier8:add_instance|bit_adder16:Add2|Full_Adder:fa7                ; Full_Adder        ; work         ;
;             |OR_2:o1|               ; 1 (1)       ; 0            ; 0          ; 0    ; 0            ; 1 (1)        ; 0 (0)             ; 0 (0)            ; 0 (0)           ; 0 (0)      ; |DUT|booth_multiplier8:add_instance|bit_adder16:Add2|Full_Adder:fa7|OR_2:o1        ; OR_2              ; work         ;
;             |XOR_2:x1|              ; 1 (1)       ; 0            ; 0          ; 0    ; 0            ; 1 (1)        ; 0 (0)             ; 0 (0)            ; 0 (0)           ; 0 (0)      ; |DUT|booth_multiplier8:add_instance|bit_adder16:Add2|Full_Adder:fa7|XOR_2:x1       ; XOR_2             ; work         ;
;          |Full_Adder:fa8|           ; 2 (0)       ; 0            ; 0          ; 0    ; 0            ; 2 (0)        ; 0 (0)             ; 0 (0)            ; 0 (0)           ; 0 (0)      ; |DUT|booth_multiplier8:add_instance|bit_adder16:Add2|Full_Adder:fa8                ; Full_Adder        ; work         ;
;             |HALF_ADDER:ha|         ; 1 (1)       ; 0            ; 0          ; 0    ; 0            ; 1 (1)        ; 0 (0)             ; 0 (0)            ; 0 (0)           ; 0 (0)      ; |DUT|booth_multiplier8:add_instance|bit_adder16:Add2|Full_Adder:fa8|HALF_ADDER:ha  ; HALF_ADDER        ; work         ;
;             |OR_2:o1|               ; 1 (1)       ; 0            ; 0          ; 0    ; 0            ; 1 (1)        ; 0 (0)             ; 0 (0)            ; 0 (0)           ; 0 (0)      ; |DUT|booth_multiplier8:add_instance|bit_adder16:Add2|Full_Adder:fa8|OR_2:o1        ; OR_2              ; work         ;
;          |Full_Adder:fa9|           ; 2 (0)       ; 0            ; 0          ; 0    ; 0            ; 2 (0)        ; 0 (0)             ; 0 (0)            ; 0 (0)           ; 0 (0)      ; |DUT|booth_multiplier8:add_instance|bit_adder16:Add2|Full_Adder:fa9                ; Full_Adder        ; work         ;
;             |HALF_ADDER:ha|         ; 1 (1)       ; 0            ; 0          ; 0    ; 0            ; 1 (1)        ; 0 (0)             ; 0 (0)            ; 0 (0)           ; 0 (0)      ; |DUT|booth_multiplier8:add_instance|bit_adder16:Add2|Full_Adder:fa9|HALF_ADDER:ha  ; HALF_ADDER        ; work         ;
;             |OR_2:o1|               ; 1 (1)       ; 0            ; 0          ; 0    ; 0            ; 1 (1)        ; 0 (0)             ; 0 (0)            ; 0 (0)           ; 0 (0)      ; |DUT|booth_multiplier8:add_instance|bit_adder16:Add2|Full_Adder:fa9|OR_2:o1        ; OR_2              ; work         ;
;       |bit_adder16:Add3|            ; 18 (0)      ; 0            ; 0          ; 0    ; 0            ; 18 (0)       ; 0 (0)             ; 0 (0)            ; 0 (0)           ; 0 (0)      ; |DUT|booth_multiplier8:add_instance|bit_adder16:Add3                               ; bit_adder16       ; work         ;
;          |Full_Adder:fa10|          ; 2 (0)       ; 0            ; 0          ; 0    ; 0            ; 2 (0)        ; 0 (0)             ; 0 (0)            ; 0 (0)           ; 0 (0)      ; |DUT|booth_multiplier8:add_instance|bit_adder16:Add3|Full_Adder:fa10               ; Full_Adder        ; work         ;
;             |OR_2:o1|               ; 1 (1)       ; 0            ; 0          ; 0    ; 0            ; 1 (1)        ; 0 (0)             ; 0 (0)            ; 0 (0)           ; 0 (0)      ; |DUT|booth_multiplier8:add_instance|bit_adder16:Add3|Full_Adder:fa10|OR_2:o1       ; OR_2              ; work         ;
;             |XOR_2:x1|              ; 1 (1)       ; 0            ; 0          ; 0    ; 0            ; 1 (1)        ; 0 (0)             ; 0 (0)            ; 0 (0)           ; 0 (0)      ; |DUT|booth_multiplier8:add_instance|bit_adder16:Add3|Full_Adder:fa10|XOR_2:x1      ; XOR_2             ; work         ;
;          |Full_Adder:fa11|          ; 2 (0)       ; 0            ; 0          ; 0    ; 0            ; 2 (0)        ; 0 (0)             ; 0 (0)            ; 0 (0)           ; 0 (0)      ; |DUT|booth_multiplier8:add_instance|bit_adder16:Add3|Full_Adder:fa11               ; Full_Adder        ; work         ;
;             |OR_2:o1|               ; 1 (1)       ; 0            ; 0          ; 0    ; 0            ; 1 (1)        ; 0 (0)             ; 0 (0)            ; 0 (0)           ; 0 (0)      ; |DUT|booth_multiplier8:add_instance|bit_adder16:Add3|Full_Adder:fa11|OR_2:o1       ; OR_2              ; work         ;
;             |XOR_2:x1|              ; 1 (1)       ; 0            ; 0          ; 0    ; 0            ; 1 (1)        ; 0 (0)             ; 0 (0)            ; 0 (0)           ; 0 (0)      ; |DUT|booth_multiplier8:add_instance|bit_adder16:Add3|Full_Adder:fa11|XOR_2:x1      ; XOR_2             ; work         ;
;          |Full_Adder:fa12|          ; 2 (0)       ; 0            ; 0          ; 0    ; 0            ; 2 (0)        ; 0 (0)             ; 0 (0)            ; 0 (0)           ; 0 (0)      ; |DUT|booth_multiplier8:add_instance|bit_adder16:Add3|Full_Adder:fa12               ; Full_Adder        ; work         ;
;             |OR_2:o1|               ; 1 (1)       ; 0            ; 0          ; 0    ; 0            ; 1 (1)        ; 0 (0)             ; 0 (0)            ; 0 (0)           ; 0 (0)      ; |DUT|booth_multiplier8:add_instance|bit_adder16:Add3|Full_Adder:fa12|OR_2:o1       ; OR_2              ; work         ;
;             |XOR_2:x1|              ; 1 (1)       ; 0            ; 0          ; 0    ; 0            ; 1 (1)        ; 0 (0)             ; 0 (0)            ; 0 (0)           ; 0 (0)      ; |DUT|booth_multiplier8:add_instance|bit_adder16:Add3|Full_Adder:fa12|XOR_2:x1      ; XOR_2             ; work         ;
;          |Full_Adder:fa13|          ; 2 (0)       ; 0            ; 0          ; 0    ; 0            ; 2 (0)        ; 0 (0)             ; 0 (0)            ; 0 (0)           ; 0 (0)      ; |DUT|booth_multiplier8:add_instance|bit_adder16:Add3|Full_Adder:fa13               ; Full_Adder        ; work         ;
;             |OR_2:o1|               ; 1 (1)       ; 0            ; 0          ; 0    ; 0            ; 1 (1)        ; 0 (0)             ; 0 (0)            ; 0 (0)           ; 0 (0)      ; |DUT|booth_multiplier8:add_instance|bit_adder16:Add3|Full_Adder:fa13|OR_2:o1       ; OR_2              ; work         ;
;             |XOR_2:x1|              ; 1 (1)       ; 0            ; 0          ; 0    ; 0            ; 1 (1)        ; 0 (0)             ; 0 (0)            ; 0 (0)           ; 0 (0)      ; |DUT|booth_multiplier8:add_instance|bit_adder16:Add3|Full_Adder:fa13|XOR_2:x1      ; XOR_2             ; work         ;
;          |Full_Adder:fa14|          ; 2 (0)       ; 0            ; 0          ; 0    ; 0            ; 2 (0)        ; 0 (0)             ; 0 (0)            ; 0 (0)           ; 0 (0)      ; |DUT|booth_multiplier8:add_instance|bit_adder16:Add3|Full_Adder:fa14               ; Full_Adder        ; work         ;
;             |OR_2:o1|               ; 1 (1)       ; 0            ; 0          ; 0    ; 0            ; 1 (1)        ; 0 (0)             ; 0 (0)            ; 0 (0)           ; 0 (0)      ; |DUT|booth_multiplier8:add_instance|bit_adder16:Add3|Full_Adder:fa14|OR_2:o1       ; OR_2              ; work         ;
;             |XOR_2:x1|              ; 1 (1)       ; 0            ; 0          ; 0    ; 0            ; 1 (1)        ; 0 (0)             ; 0 (0)            ; 0 (0)           ; 0 (0)      ; |DUT|booth_multiplier8:add_instance|bit_adder16:Add3|Full_Adder:fa14|XOR_2:x1      ; XOR_2             ; work         ;
;          |Full_Adder:fa15|          ; 1 (0)       ; 0            ; 0          ; 0    ; 0            ; 1 (0)        ; 0 (0)             ; 0 (0)            ; 0 (0)           ; 0 (0)      ; |DUT|booth_multiplier8:add_instance|bit_adder16:Add3|Full_Adder:fa15               ; Full_Adder        ; work         ;
;             |XOR_2:x1|              ; 1 (1)       ; 0            ; 0          ; 0    ; 0            ; 1 (1)        ; 0 (0)             ; 0 (0)            ; 0 (0)           ; 0 (0)      ; |DUT|booth_multiplier8:add_instance|bit_adder16:Add3|Full_Adder:fa15|XOR_2:x1      ; XOR_2             ; work         ;
;          |Full_Adder:fa6|           ; 1 (0)       ; 0            ; 0          ; 0    ; 0            ; 1 (0)        ; 0 (0)             ; 0 (0)            ; 0 (0)           ; 0 (0)      ; |DUT|booth_multiplier8:add_instance|bit_adder16:Add3|Full_Adder:fa6                ; Full_Adder        ; work         ;
;             |HALF_ADDER:ha|         ; 1 (1)       ; 0            ; 0          ; 0    ; 0            ; 1 (1)        ; 0 (0)             ; 0 (0)            ; 0 (0)           ; 0 (0)      ; |DUT|booth_multiplier8:add_instance|bit_adder16:Add3|Full_Adder:fa6|HALF_ADDER:ha  ; HALF_ADDER        ; work         ;
;          |Full_Adder:fa7|           ; 2 (0)       ; 0            ; 0          ; 0    ; 0            ; 2 (0)        ; 0 (0)             ; 0 (0)            ; 0 (0)           ; 0 (0)      ; |DUT|booth_multiplier8:add_instance|bit_adder16:Add3|Full_Adder:fa7                ; Full_Adder        ; work         ;
;             |OR_2:o1|               ; 1 (1)       ; 0            ; 0          ; 0    ; 0            ; 1 (1)        ; 0 (0)             ; 0 (0)            ; 0 (0)           ; 0 (0)      ; |DUT|booth_multiplier8:add_instance|bit_adder16:Add3|Full_Adder:fa7|OR_2:o1        ; OR_2              ; work         ;
;             |XOR_2:x1|              ; 1 (1)       ; 0            ; 0          ; 0    ; 0            ; 1 (1)        ; 0 (0)             ; 0 (0)            ; 0 (0)           ; 0 (0)      ; |DUT|booth_multiplier8:add_instance|bit_adder16:Add3|Full_Adder:fa7|XOR_2:x1       ; XOR_2             ; work         ;
;          |Full_Adder:fa8|           ; 2 (0)       ; 0            ; 0          ; 0    ; 0            ; 2 (0)        ; 0 (0)             ; 0 (0)            ; 0 (0)           ; 0 (0)      ; |DUT|booth_multiplier8:add_instance|bit_adder16:Add3|Full_Adder:fa8                ; Full_Adder        ; work         ;
;             |OR_2:o1|               ; 1 (1)       ; 0            ; 0          ; 0    ; 0            ; 1 (1)        ; 0 (0)             ; 0 (0)            ; 0 (0)           ; 0 (0)      ; |DUT|booth_multiplier8:add_instance|bit_adder16:Add3|Full_Adder:fa8|OR_2:o1        ; OR_2              ; work         ;
;             |XOR_2:x1|              ; 1 (1)       ; 0            ; 0          ; 0    ; 0            ; 1 (1)        ; 0 (0)             ; 0 (0)            ; 0 (0)           ; 0 (0)      ; |DUT|booth_multiplier8:add_instance|bit_adder16:Add3|Full_Adder:fa8|XOR_2:x1       ; XOR_2             ; work         ;
;          |Full_Adder:fa9|           ; 2 (0)       ; 0            ; 0          ; 0    ; 0            ; 2 (0)        ; 0 (0)             ; 0 (0)            ; 0 (0)           ; 0 (0)      ; |DUT|booth_multiplier8:add_instance|bit_adder16:Add3|Full_Adder:fa9                ; Full_Adder        ; work         ;
;             |OR_2:o1|               ; 1 (1)       ; 0            ; 0          ; 0    ; 0            ; 1 (1)        ; 0 (0)             ; 0 (0)            ; 0 (0)           ; 0 (0)      ; |DUT|booth_multiplier8:add_instance|bit_adder16:Add3|Full_Adder:fa9|OR_2:o1        ; OR_2              ; work         ;
;             |XOR_2:x1|              ; 1 (1)       ; 0            ; 0          ; 0    ; 0            ; 1 (1)        ; 0 (0)             ; 0 (0)            ; 0 (0)           ; 0 (0)      ; |DUT|booth_multiplier8:add_instance|bit_adder16:Add3|Full_Adder:fa9|XOR_2:x1       ; XOR_2             ; work         ;
;       |mux2:Muxnot2|                ; 3 (3)       ; 0            ; 0          ; 0    ; 0            ; 3 (3)        ; 0 (0)             ; 0 (0)            ; 0 (0)           ; 0 (0)      ; |DUT|booth_multiplier8:add_instance|mux2:Muxnot2                                   ; mux2              ; work         ;
;       |mux:M1|                      ; 20 (20)     ; 0            ; 0          ; 0    ; 0            ; 20 (20)      ; 0 (0)             ; 0 (0)            ; 0 (0)           ; 0 (0)      ; |DUT|booth_multiplier8:add_instance|mux:M1                                         ; mux               ; work         ;
;       |mux:M2|                      ; 24 (24)     ; 0            ; 0          ; 0    ; 0            ; 24 (24)      ; 0 (0)             ; 0 (0)            ; 0 (0)           ; 0 (0)      ; |DUT|booth_multiplier8:add_instance|mux:M2                                         ; mux               ; work         ;
;       |mux:M3|                      ; 24 (24)     ; 0            ; 0          ; 0    ; 0            ; 24 (24)      ; 0 (0)             ; 0 (0)            ; 0 (0)           ; 0 (0)      ; |DUT|booth_multiplier8:add_instance|mux:M3                                         ; mux               ; work         ;
;       |mux:M4|                      ; 24 (24)     ; 0            ; 0          ; 0    ; 0            ; 24 (24)      ; 0 (0)             ; 0 (0)            ; 0 (0)           ; 0 (0)      ; |DUT|booth_multiplier8:add_instance|mux:M4                                         ; mux               ; work         ;
+-------------------------------------+-------------+--------------+------------+------+--------------+--------------+-------------------+------------------+-----------------+------------+------------------------------------------------------------------------------------+-------------------+--------------+
Note: For table entries with two numbers listed, the numbers in parentheses indicate the number of resources of the given type used by the specific entity alone. The numbers listed outside of parentheses indicate the total resources of the given type used by the specific entity and all of its sub-entities in the hierarchy.


+------------------------------------------------------+
; General Register Statistics                          ;
+----------------------------------------------+-------+
; Statistic                                    ; Value ;
+----------------------------------------------+-------+
; Total registers                              ; 0     ;
; Number of registers using Synchronous Clear  ; 0     ;
; Number of registers using Synchronous Load   ; 0     ;
; Number of registers using Asynchronous Clear ; 0     ;
; Number of registers using Asynchronous Load  ; 0     ;
; Number of registers using Clock Enable       ; 0     ;
; Number of registers using Preset             ; 0     ;
+----------------------------------------------+-------+


+-------------------------------------------------------------------------------------------------------------------------------------------------------------+
; Multiplexer Restructuring Statistics (Restructuring Performed)                                                                                              ;
+--------------------+-----------+---------------+----------------------+------------------------+------------+-----------------------------------------------+
; Multiplexer Inputs ; Bus Width ; Baseline Area ; Area if Restructured ; Saving if Restructured ; Registered ; Example Multiplexer Output                    ;
+--------------------+-----------+---------------+----------------------+------------------------+------------+-----------------------------------------------+
; 3:1                ; 8 bits    ; 16 LEs        ; 16 LEs               ; 0 LEs                  ; No         ; |DUT|booth_multiplier8:add_instance|mux:M1|t9 ;
; 3:1                ; 8 bits    ; 16 LEs        ; 16 LEs               ; 0 LEs                  ; No         ; |DUT|booth_multiplier8:add_instance|mux:M2|t9 ;
; 3:1                ; 8 bits    ; 16 LEs        ; 16 LEs               ; 0 LEs                  ; No         ; |DUT|booth_multiplier8:add_instance|mux:M3|t9 ;
; 3:1                ; 8 bits    ; 16 LEs        ; 16 LEs               ; 0 LEs                  ; No         ; |DUT|booth_multiplier8:add_instance|mux:M4|t9 ;
+--------------------+-----------+---------------+----------------------+------------------------+------------+-----------------------------------------------+


+----------------------------------------------------------------------------------------------------------------+
; Port Connectivity Checks: "booth_multiplier8:add_instance|bit_adder16:Add1|Full_Adder:fa15"                    ;
+------+--------+----------+-------------------------------------------------------------------------------------+
; Port ; Type   ; Severity ; Details                                                                             ;
+------+--------+----------+-------------------------------------------------------------------------------------+
; cout ; Output ; Info     ; Connected to dangling logic. Logic that only feeds a dangling port will be removed. ;
+------+--------+----------+-------------------------------------------------------------------------------------+


+-------------------------------------------------------------------+
; Port Connectivity Checks: "booth_multiplier8:add_instance|mux:M4" ;
+----------+-------+----------+-------------------------------------+
; Port     ; Type  ; Severity ; Details                             ;
+----------+-------+----------+-------------------------------------+
; x1[5..0] ; Input ; Info     ; Stuck at GND                        ;
; x2[5..0] ; Input ; Info     ; Stuck at GND                        ;
; x3[6..0] ; Input ; Info     ; Stuck at GND                        ;
; x4[6..0] ; Input ; Info     ; Stuck at GND                        ;
+----------+-------+----------+-------------------------------------+


+-------------------------------------------------------------------+
; Port Connectivity Checks: "booth_multiplier8:add_instance|mux:M3" ;
+----------+-------+----------+-------------------------------------+
; Port     ; Type  ; Severity ; Details                             ;
+----------+-------+----------+-------------------------------------+
; x1[3..0] ; Input ; Info     ; Stuck at GND                        ;
; x2[3..0] ; Input ; Info     ; Stuck at GND                        ;
; x3[4..0] ; Input ; Info     ; Stuck at GND                        ;
; x4[4..0] ; Input ; Info     ; Stuck at GND                        ;
+----------+-------+----------+-------------------------------------+


+-------------------------------------------------------------------+
; Port Connectivity Checks: "booth_multiplier8:add_instance|mux:M2" ;
+----------+-------+----------+-------------------------------------+
; Port     ; Type  ; Severity ; Details                             ;
+----------+-------+----------+-------------------------------------+
; x1[1..0] ; Input ; Info     ; Stuck at GND                        ;
; x2[1..0] ; Input ; Info     ; Stuck at GND                        ;
; x3[2..0] ; Input ; Info     ; Stuck at GND                        ;
; x4[2..0] ; Input ; Info     ; Stuck at GND                        ;
+----------+-------+----------+-------------------------------------+


+-------------------------------------------------------------------+
; Port Connectivity Checks: "booth_multiplier8:add_instance|mux:M1" ;
+-------+-------+----------+----------------------------------------+
; Port  ; Type  ; Severity ; Details                                ;
+-------+-------+----------+----------------------------------------+
; x3[0] ; Input ; Info     ; Stuck at GND                           ;
; x4[0] ; Input ; Info     ; Stuck at GND                           ;
; op[0] ; Input ; Info     ; Stuck at GND                           ;
+-------+-------+----------+----------------------------------------+


+-------------------------------------------------------------------------+
; Port Connectivity Checks: "booth_multiplier8:add_instance|mux2:Muxnot2" ;
+------+-------+----------+-----------------------------------------------+
; Port ; Type  ; Severity ; Details                                       ;
+------+-------+----------+-----------------------------------------------+
; s2   ; Input ; Info     ; Stuck at GND                                  ;
+------+-------+----------+-----------------------------------------------+


+----------------------------------------------------------------------------------------------------------------+
; Port Connectivity Checks: "booth_multiplier8:add_instance|eightbitadder:minusA4_instance|Full_Adder:FA7"       ;
+------+--------+----------+-------------------------------------------------------------------------------------+
; Port ; Type   ; Severity ; Details                                                                             ;
+------+--------+----------+-------------------------------------------------------------------------------------+
; cout ; Output ; Info     ; Connected to dangling logic. Logic that only feeds a dangling port will be removed. ;
+------+--------+----------+-------------------------------------------------------------------------------------+


+-------------------------------------------------------------------------------------------+
; Port Connectivity Checks: "booth_multiplier8:add_instance|eightbitadder:minusA4_instance" ;
+---------+-------+----------+--------------------------------------------------------------+
; Port    ; Type  ; Severity ; Details                                                      ;
+---------+-------+----------+--------------------------------------------------------------+
; b[7..1] ; Input ; Info     ; Stuck at GND                                                 ;
; b[0]    ; Input ; Info     ; Stuck at VCC                                                 ;
+---------+-------+----------+--------------------------------------------------------------+


+-------------------------------+
; Analysis & Synthesis Messages ;
+-------------------------------+
Info: *******************************************************************
Info: Running Quartus Prime Analysis & Synthesis
    Info: Version 18.1.0 Build 625 09/12/2018 SJ Lite Edition
    Info: Processing started: Sat Apr 20 13:58:54 2019
Info: Command: quartus_map --read_settings_files=on --write_settings_files=off Assignment1 -c Assignment1
Warning (18236): Number of processors has not been specified which may cause overloading on shared machines.  Set the global assignment NUM_PARALLEL_PROCESSORS in your QSF to an appropriate value for best performance.
Info (20030): Parallel compilation is enabled and will use 2 of the 2 processors detected
Info (12021): Found 2 design units, including 1 entities, in source file eightbitadder.vhdl
    Info (12022): Found design unit 1: eightbitadder-Equations File: C:/intelFPGA_lite/18.1/Projects/EE224_A1/eightbitadder.vhdl Line: 13
    Info (12023): Found entity 1: eightbitadder File: C:/intelFPGA_lite/18.1/Projects/EE224_A1/eightbitadder.vhdl Line: 6
Info (12021): Found 2 design units, including 1 entities, in source file testbench.vhdl
    Info (12022): Found design unit 1: Testbench-Behave File: C:/intelFPGA_lite/18.1/Projects/EE224_A1/Testbench.vhdl Line: 9
    Info (12023): Found entity 1: Testbench File: C:/intelFPGA_lite/18.1/Projects/EE224_A1/Testbench.vhdl Line: 7
Info (12021): Found 2 design units, including 1 entities, in source file dut.vhdl
    Info (12022): Found design unit 1: DUT-DutWrap File: C:/intelFPGA_lite/18.1/Projects/EE224_A1/DUT.vhdl Line: 8
    Info (12023): Found entity 1: DUT File: C:/intelFPGA_lite/18.1/Projects/EE224_A1/DUT.vhdl Line: 3
Info (12021): Found 2 design units, including 1 entities, in source file mux2.vhdl
    Info (12022): Found design unit 1: mux2-arc File: C:/intelFPGA_lite/18.1/Projects/EE224_A1/mux2.vhdl Line: 15
    Info (12023): Found entity 1: mux2 File: C:/intelFPGA_lite/18.1/Projects/EE224_A1/mux2.vhdl Line: 8
Warning (12090): Entity "mux" obtained from "mux.vhdl" instead of from Quartus Prime megafunction library File: C:/intelFPGA_lite/18.1/Projects/EE224_A1/mux.vhdl Line: 8
Info (12021): Found 2 design units, including 1 entities, in source file mux.vhdl
    Info (12022): Found design unit 1: mux-arc File: C:/intelFPGA_lite/18.1/Projects/EE224_A1/mux.vhdl Line: 14
    Info (12023): Found entity 1: mux File: C:/intelFPGA_lite/18.1/Projects/EE224_A1/mux.vhdl Line: 8
Info (12021): Found 19 design units, including 9 entities, in source file gates.vhdl
    Info (12022): Found design unit 1: Gates File: C:/intelFPGA_lite/18.1/Projects/EE224_A1/Gates.vhdl Line: 3
    Info (12022): Found design unit 2: INVERTER-Equations File: C:/intelFPGA_lite/18.1/Projects/EE224_A1/Gates.vhdl Line: 51
    Info (12022): Found design unit 3: AND_2-Equations File: C:/intelFPGA_lite/18.1/Projects/EE224_A1/Gates.vhdl Line: 63
    Info (12022): Found design unit 4: NAND_2-Equations File: C:/intelFPGA_lite/18.1/Projects/EE224_A1/Gates.vhdl Line: 80
    Info (12022): Found design unit 5: OR_2-Equations File: C:/intelFPGA_lite/18.1/Projects/EE224_A1/Gates.vhdl Line: 85
    Info (12022): Found design unit 6: NOR_2-Equations File: C:/intelFPGA_lite/18.1/Projects/EE224_A1/Gates.vhdl Line: 96
    Info (12022): Found design unit 7: XOR_2-Equations File: C:/intelFPGA_lite/18.1/Projects/EE224_A1/Gates.vhdl Line: 108
    Info (12022): Found design unit 8: XNOR_2-Equations File: C:/intelFPGA_lite/18.1/Projects/EE224_A1/Gates.vhdl Line: 119
    Info (12022): Found design unit 9: HALF_ADDER-Equations File: C:/intelFPGA_lite/18.1/Projects/EE224_A1/Gates.vhdl Line: 130
    Info (12022): Found design unit 10: Full_Adder-Struct File: C:/intelFPGA_lite/18.1/Projects/EE224_A1/Gates.vhdl Line: 143
    Info (12023): Found entity 1: INVERTER File: C:/intelFPGA_lite/18.1/Projects/EE224_A1/Gates.vhdl Line: 47
    Info (12023): Found entity 2: AND_2 File: C:/intelFPGA_lite/18.1/Projects/EE224_A1/Gates.vhdl Line: 59
    Info (12023): Found entity 3: NAND_2 File: C:/intelFPGA_lite/18.1/Projects/EE224_A1/Gates.vhdl Line: 70
    Info (12023): Found entity 4: OR_2 File: C:/intelFPGA_lite/18.1/Projects/EE224_A1/Gates.vhdl Line: 76
    Info (12023): Found entity 5: NOR_2 File: C:/intelFPGA_lite/18.1/Projects/EE224_A1/Gates.vhdl Line: 92
    Info (12023): Found entity 6: XOR_2 File: C:/intelFPGA_lite/18.1/Projects/EE224_A1/Gates.vhdl Line: 104
    Info (12023): Found entity 7: XNOR_2 File: C:/intelFPGA_lite/18.1/Projects/EE224_A1/Gates.vhdl Line: 115
    Info (12023): Found entity 8: HALF_ADDER File: C:/intelFPGA_lite/18.1/Projects/EE224_A1/Gates.vhdl Line: 126
    Info (12023): Found entity 9: Full_Adder File: C:/intelFPGA_lite/18.1/Projects/EE224_A1/Gates.vhdl Line: 138
Info (12021): Found 2 design units, including 1 entities, in source file booth_multiplier8.vhdl
    Info (12022): Found design unit 1: booth_multiplier8-Behavioral File: C:/intelFPGA_lite/18.1/Projects/EE224_A1/booth_multiplier8.vhdl Line: 14
    Info (12023): Found entity 1: booth_multiplier8 File: C:/intelFPGA_lite/18.1/Projects/EE224_A1/booth_multiplier8.vhdl Line: 7
Info (12021): Found 2 design units, including 1 entities, in source file bit_adder16.vhdl
    Info (12022): Found design unit 1: bit_adder16-arc File: C:/intelFPGA_lite/18.1/Projects/EE224_A1/bit_adder16.vhdl Line: 13
    Info (12023): Found entity 1: bit_adder16 File: C:/intelFPGA_lite/18.1/Projects/EE224_A1/bit_adder16.vhdl Line: 8
Info (12127): Elaborating entity "DUT" for the top level hierarchy
Info (12128): Elaborating entity "booth_multiplier8" for hierarchy "booth_multiplier8:add_instance" File: C:/intelFPGA_lite/18.1/Projects/EE224_A1/DUT.vhdl Line: 16
Info (12128): Elaborating entity "eightbitadder" for hierarchy "booth_multiplier8:add_instance|eightbitadder:minusA4_instance" File: C:/intelFPGA_lite/18.1/Projects/EE224_A1/booth_multiplier8.vhdl Line: 62
Warning (10036): Verilog HDL or VHDL warning at eightbitadder.vhdl(14): object "C8" assigned a value but never read File: C:/intelFPGA_lite/18.1/Projects/EE224_A1/eightbitadder.vhdl Line: 14
Info (12128): Elaborating entity "HALF_ADDER" for hierarchy "booth_multiplier8:add_instance|eightbitadder:minusA4_instance|HALF_ADDER:FA0" File: C:/intelFPGA_lite/18.1/Projects/EE224_A1/eightbitadder.vhdl Line: 18
Info (12128): Elaborating entity "Full_Adder" for hierarchy "booth_multiplier8:add_instance|eightbitadder:minusA4_instance|Full_Adder:FA1" File: C:/intelFPGA_lite/18.1/Projects/EE224_A1/eightbitadder.vhdl Line: 19
Info (12128): Elaborating entity "AND_2" for hierarchy "booth_multiplier8:add_instance|eightbitadder:minusA4_instance|Full_Adder:FA1|AND_2:a1" File: C:/intelFPGA_lite/18.1/Projects/EE224_A1/Gates.vhdl Line: 163
Info (12128): Elaborating entity "OR_2" for hierarchy "booth_multiplier8:add_instance|eightbitadder:minusA4_instance|Full_Adder:FA1|OR_2:o1" File: C:/intelFPGA_lite/18.1/Projects/EE224_A1/Gates.vhdl Line: 164
Info (12128): Elaborating entity "XOR_2" for hierarchy "booth_multiplier8:add_instance|eightbitadder:minusA4_instance|Full_Adder:FA1|XOR_2:x1" File: C:/intelFPGA_lite/18.1/Projects/EE224_A1/Gates.vhdl Line: 167
Info (12128): Elaborating entity "mux2" for hierarchy "booth_multiplier8:add_instance|mux2:Muxnot2" File: C:/intelFPGA_lite/18.1/Projects/EE224_A1/booth_multiplier8.vhdl Line: 65
Info (12128): Elaborating entity "mux" for hierarchy "booth_multiplier8:add_instance|mux:M1" File: C:/intelFPGA_lite/18.1/Projects/EE224_A1/booth_multiplier8.vhdl Line: 91
Info (12128): Elaborating entity "bit_adder16" for hierarchy "booth_multiplier8:add_instance|bit_adder16:Add1" File: C:/intelFPGA_lite/18.1/Projects/EE224_A1/booth_multiplier8.vhdl Line: 96
Info (21057): Implemented 185 device resources after synthesis - the final resource count might be different
    Info (21058): Implemented 16 input pins
    Info (21059): Implemented 16 output pins
    Info (21061): Implemented 153 logic cells
Info: Quartus Prime Analysis & Synthesis was successful. 0 errors, 3 warnings
    Info: Peak virtual memory: 4788 megabytes
    Info: Processing ended: Sat Apr 20 13:59:13 2019
    Info: Elapsed time: 00:00:19
    Info: Total CPU time (on all processors): 00:00:33


