Analysis & Synthesis report for Assignment2
Mon Apr 22 22:17:40 2019
Quartus Prime Version 18.1.0 Build 625 09/12/2018 SJ Lite Edition


---------------------
; Table of Contents ;
---------------------
  1. Legal Notice
  2. Analysis & Synthesis Summary
  3. Analysis & Synthesis Settings
  4. Parallel Compilation
  5. Analysis & Synthesis Source Files Read
  6. Analysis & Synthesis Resource Usage Summary
  7. Analysis & Synthesis Resource Utilization by Entity
  8. General Register Statistics
  9. Port Connectivity Checks: "quarter_precision_multiplier:add_instance|fivebitadder:A3"
 10. Port Connectivity Checks: "quarter_precision_multiplier:add_instance|fivebitadder:A2"
 11. Port Connectivity Checks: "quarter_precision_multiplier:add_instance|fivebitadder:A1|Full_Adder:FA4"
 12. Port Connectivity Checks: "quarter_precision_multiplier:add_instance|fivebitadder:A1"
 13. Port Connectivity Checks: "quarter_precision_multiplier:add_instance|mux:M2"
 14. Port Connectivity Checks: "quarter_precision_multiplier:add_instance|multiplier:M1|tenbitadder:m3"
 15. Port Connectivity Checks: "quarter_precision_multiplier:add_instance|multiplier:M1|tenbitadder:m2"
 16. Port Connectivity Checks: "quarter_precision_multiplier:add_instance|multiplier:M1|tenbitadder:m1"
 17. Port Connectivity Checks: "quarter_precision_multiplier:add_instance|multiplier:M1|tenbitadder:m0|Full_Adder:FA9"
 18. Port Connectivity Checks: "quarter_precision_multiplier:add_instance|multiplier:M1|tenbitadder:m0"
 19. Port Connectivity Checks: "quarter_precision_multiplier:add_instance|multiplier:M1"
 20. Analysis & Synthesis Messages



----------------
; Legal Notice ;
----------------
Copyright (C) 2018  Intel Corporation. All rights reserved.
Your use of Intel Corporation's design tools, logic functions 
and other software and tools, and its AMPP partner logic 
functions, and any output files from any of the foregoing 
(including device programming or simulation files), and any 
associated documentation or information are expressly subject 
to the terms and conditions of the Intel Program License 
Subscription Agreement, the Intel Quartus Prime License Agreement,
the Intel FPGA IP License Agreement, or other applicable license
agreement, including, without limitation, that your use is for
the sole purpose of programming logic devices manufactured by
Intel and sold by Intel or its authorized distributors.  Please
refer to the applicable agreement for further details.



+---------------------------------------------------------------------------+
; Analysis & Synthesis Summary                                              ;
+-----------------------------+---------------------------------------------+
; Analysis & Synthesis Status ; Successful - Mon Apr 22 22:17:40 2019       ;
; Quartus Prime Version       ; 18.1.0 Build 625 09/12/2018 SJ Lite Edition ;
; Revision Name               ; Assignment2                                 ;
; Top-level Entity Name       ; DUT                                         ;
; Family                      ; MAX V                                       ;
; Total logic elements        ; 64                                          ;
; Total pins                  ; 32                                          ;
; Total virtual pins          ; 0                                           ;
; UFM blocks                  ; 0 / 1 ( 0 % )                               ;
+-----------------------------+---------------------------------------------+


+------------------------------------------------------------------------------------------------------------+
; Analysis & Synthesis Settings                                                                              ;
+------------------------------------------------------------------+--------------------+--------------------+
; Option                                                           ; Setting            ; Default Value      ;
+------------------------------------------------------------------+--------------------+--------------------+
; Device                                                           ; 5M1270ZT144C5      ;                    ;
; Top-level entity name                                            ; DUT                ; Assignment2        ;
; Family name                                                      ; MAX V              ; Cyclone V          ;
; Use smart compilation                                            ; Off                ; Off                ;
; Enable parallel Assembler and Timing Analyzer during compilation ; On                 ; On                 ;
; Enable compact report table                                      ; Off                ; Off                ;
; Restructure Multiplexers                                         ; Auto               ; Auto               ;
; Create Debugging Nodes for IP Cores                              ; Off                ; Off                ;
; Preserve fewer node names                                        ; On                 ; On                 ;
; Intel FPGA IP Evaluation Mode                                    ; Enable             ; Enable             ;
; Verilog Version                                                  ; Verilog_2001       ; Verilog_2001       ;
; VHDL Version                                                     ; VHDL_1993          ; VHDL_1993          ;
; State Machine Processing                                         ; Auto               ; Auto               ;
; Safe State Machine                                               ; Off                ; Off                ;
; Extract Verilog State Machines                                   ; On                 ; On                 ;
; Extract VHDL State Machines                                      ; On                 ; On                 ;
; Ignore Verilog initial constructs                                ; Off                ; Off                ;
; Iteration limit for constant Verilog loops                       ; 5000               ; 5000               ;
; Iteration limit for non-constant Verilog loops                   ; 250                ; 250                ;
; Add Pass-Through Logic to Inferred RAMs                          ; On                 ; On                 ;
; Infer RAMs from Raw Logic                                        ; On                 ; On                 ;
; Parallel Synthesis                                               ; On                 ; On                 ;
; NOT Gate Push-Back                                               ; On                 ; On                 ;
; Power-Up Don't Care                                              ; On                 ; On                 ;
; Remove Redundant Logic Cells                                     ; Off                ; Off                ;
; Remove Duplicate Registers                                       ; On                 ; On                 ;
; Ignore CARRY Buffers                                             ; Off                ; Off                ;
; Ignore CASCADE Buffers                                           ; Off                ; Off                ;
; Ignore GLOBAL Buffers                                            ; Off                ; Off                ;
; Ignore ROW GLOBAL Buffers                                        ; Off                ; Off                ;
; Ignore LCELL Buffers                                             ; Off                ; Off                ;
; Ignore SOFT Buffers                                              ; On                 ; On                 ;
; Limit AHDL Integers to 32 Bits                                   ; Off                ; Off                ;
; Optimization Technique                                           ; Balanced           ; Balanced           ;
; Carry Chain Length                                               ; 70                 ; 70                 ;
; Auto Carry Chains                                                ; On                 ; On                 ;
; Auto Open-Drain Pins                                             ; On                 ; On                 ;
; Perform WYSIWYG Primitive Resynthesis                            ; Off                ; Off                ;
; Auto Shift Register Replacement                                  ; Auto               ; Auto               ;
; Allow Shift Register Merging across Hierarchies                  ; Auto               ; Auto               ;
; Auto Clock Enable Replacement                                    ; On                 ; On                 ;
; Allow Synchronous Control Signals                                ; On                 ; On                 ;
; Force Use of Synchronous Clear Signals                           ; Off                ; Off                ;
; Auto Resource Sharing                                            ; Off                ; Off                ;
; Use LogicLock Constraints during Resource Balancing              ; On                 ; On                 ;
; Ignore translate_off and synthesis_off directives                ; Off                ; Off                ;
; Report Parameter Settings                                        ; On                 ; On                 ;
; Report Source Assignments                                        ; On                 ; On                 ;
; Report Connectivity Checks                                       ; On                 ; On                 ;
; Ignore Maximum Fan-Out Assignments                               ; Off                ; Off                ;
; Synchronization Register Chain Length                            ; 2                  ; 2                  ;
; Power Optimization During Synthesis                              ; Normal compilation ; Normal compilation ;
; HDL message level                                                ; Level2             ; Level2             ;
; Suppress Register Optimization Related Messages                  ; Off                ; Off                ;
; Number of Removed Registers Reported in Synthesis Report         ; 5000               ; 5000               ;
; Number of Swept Nodes Reported in Synthesis Report               ; 5000               ; 5000               ;
; Number of Inverted Registers Reported in Synthesis Report        ; 100                ; 100                ;
; Clock MUX Protection                                             ; On                 ; On                 ;
; Block Design Naming                                              ; Auto               ; Auto               ;
; Synthesis Effort                                                 ; Auto               ; Auto               ;
; Shift Register Replacement - Allow Asynchronous Clear Signal     ; On                 ; On                 ;
; Analysis & Synthesis Message Level                               ; Medium             ; Medium             ;
; Disable Register Merging Across Hierarchies                      ; Auto               ; Auto               ;
+------------------------------------------------------------------+--------------------+--------------------+


+------------------------------------------+
; Parallel Compilation                     ;
+----------------------------+-------------+
; Processors                 ; Number      ;
+----------------------------+-------------+
; Number detected on machine ; 4           ;
; Maximum allowed            ; 2           ;
;                            ;             ;
; Average used               ; 1.00        ;
; Maximum used               ; 1           ;
;                            ;             ;
; Usage by Processor         ; % Time Used ;
;     Processor 1            ; 100.0%      ;
+----------------------------+-------------+


+--------------------------------------------------------------------------------------------------------------------------------------------------------------+
; Analysis & Synthesis Source Files Read                                                                                                                       ;
+-----------------------------------+-----------------+-----------------+----------------------------------------------------------------------------+---------+
; File Name with User-Entered Path  ; Used in Netlist ; File Type       ; File Name with Absolute Path                                               ; Library ;
+-----------------------------------+-----------------+-----------------+----------------------------------------------------------------------------+---------+
; DUT.vhdl                          ; yes             ; User VHDL File  ; C:/intelFPGA_lite/18.1/Projects/EE224_A2/DUT.vhdl                          ;         ;
; mux.vhdl                          ; yes             ; User VHDL File  ; C:/intelFPGA_lite/18.1/Projects/EE224_A2/mux.vhdl                          ;         ;
; tenbitadder.vhdl                  ; yes             ; User VHDL File  ; C:/intelFPGA_lite/18.1/Projects/EE224_A2/tenbitadder.vhdl                  ;         ;
; quarter_precision_multiplier.vhdl ; yes             ; User VHDL File  ; C:/intelFPGA_lite/18.1/Projects/EE224_A2/quarter_precision_multiplier.vhdl ;         ;
; multiplier.vhdl                   ; yes             ; User VHDL File  ; C:/intelFPGA_lite/18.1/Projects/EE224_A2/multiplier.vhdl                   ;         ;
; Gates.vhdl                        ; yes             ; User VHDL File  ; C:/intelFPGA_lite/18.1/Projects/EE224_A2/Gates.vhdl                        ;         ;
; fivebitadder.vhdl                 ; yes             ; User VHDL File  ; C:/intelFPGA_lite/18.1/Projects/EE224_A2/fivebitadder.vhdl                 ;         ;
+-----------------------------------+-----------------+-----------------+----------------------------------------------------------------------------+---------+


+---------------------------------------------------------------+
; Analysis & Synthesis Resource Usage Summary                   ;
+---------------------------------------------+-----------------+
; Resource                                    ; Usage           ;
+---------------------------------------------+-----------------+
; Total logic elements                        ; 64              ;
;     -- Combinational with no register       ; 64              ;
;     -- Register only                        ; 0               ;
;     -- Combinational with a register        ; 0               ;
;                                             ;                 ;
; Logic element usage by number of LUT inputs ;                 ;
;     -- 4 input functions                    ; 43              ;
;     -- 3 input functions                    ; 8               ;
;     -- 2 input functions                    ; 13              ;
;     -- 1 input functions                    ; 0               ;
;     -- 0 input functions                    ; 0               ;
;                                             ;                 ;
; Logic elements by mode                      ;                 ;
;     -- normal mode                          ; 64              ;
;     -- arithmetic mode                      ; 0               ;
;     -- qfbk mode                            ; 0               ;
;     -- register cascade mode                ; 0               ;
;     -- synchronous clear/load mode          ; 0               ;
;     -- asynchronous clear/load mode         ; 0               ;
;                                             ;                 ;
; Total registers                             ; 0               ;
; I/O pins                                    ; 32              ;
; Maximum fan-out node                        ; input_vector[8] ;
; Maximum fan-out                             ; 12              ;
; Total fan-out                               ; 237             ;
; Average fan-out                             ; 2.47            ;
+---------------------------------------------+-----------------+


+--------------------------------------------------------------------------------------------------------------------------------------------------------------------------------------------------------------------------------------------------------------------------------------------------------------------------------------------------------------+
; Analysis & Synthesis Resource Utilization by Entity                                                                                                                                                                                                                                                                                                          ;
+------------------------------------------------+-------------+--------------+------------+------+--------------+--------------+-------------------+------------------+-----------------+------------+----------------------------------------------------------------------------------------------------------+------------------------------+--------------+
; Compilation Hierarchy Node                     ; Logic Cells ; LC Registers ; UFM Blocks ; Pins ; Virtual Pins ; LUT-Only LCs ; Register-Only LCs ; LUT/Register LCs ; Carry Chain LCs ; Packed LCs ; Full Hierarchy Name                                                                                      ; Entity Name                  ; Library Name ;
+------------------------------------------------+-------------+--------------+------------+------+--------------+--------------+-------------------+------------------+-----------------+------------+----------------------------------------------------------------------------------------------------------+------------------------------+--------------+
; |DUT                                           ; 64 (0)      ; 0            ; 0          ; 32   ; 0            ; 64 (0)       ; 0 (0)             ; 0 (0)            ; 0 (0)           ; 0 (0)      ; |DUT                                                                                                     ; DUT                          ; work         ;
;    |quarter_precision_multiplier:add_instance| ; 64 (1)      ; 0            ; 0          ; 0    ; 0            ; 64 (1)       ; 0 (0)             ; 0 (0)            ; 0 (0)           ; 0 (0)      ; |DUT|quarter_precision_multiplier:add_instance                                                           ; quarter_precision_multiplier ; work         ;
;       |fivebitadder:A1|                        ; 5 (0)       ; 0            ; 0          ; 0    ; 0            ; 5 (0)        ; 0 (0)             ; 0 (0)            ; 0 (0)           ; 0 (0)      ; |DUT|quarter_precision_multiplier:add_instance|fivebitadder:A1                                           ; fivebitadder                 ; work         ;
;          |Full_Adder:FA1|                      ; 2 (0)       ; 0            ; 0          ; 0    ; 0            ; 2 (0)        ; 0 (0)             ; 0 (0)            ; 0 (0)           ; 0 (0)      ; |DUT|quarter_precision_multiplier:add_instance|fivebitadder:A1|Full_Adder:FA1                            ; Full_Adder                   ; work         ;
;             |OR_2:o1|                          ; 1 (1)       ; 0            ; 0          ; 0    ; 0            ; 1 (1)        ; 0 (0)             ; 0 (0)            ; 0 (0)           ; 0 (0)      ; |DUT|quarter_precision_multiplier:add_instance|fivebitadder:A1|Full_Adder:FA1|OR_2:o1                    ; OR_2                         ; work         ;
;             |XOR_2:x1|                         ; 1 (1)       ; 0            ; 0          ; 0    ; 0            ; 1 (1)        ; 0 (0)             ; 0 (0)            ; 0 (0)           ; 0 (0)      ; |DUT|quarter_precision_multiplier:add_instance|fivebitadder:A1|Full_Adder:FA1|XOR_2:x1                   ; XOR_2                        ; work         ;
;          |Full_Adder:FA2|                      ; 2 (0)       ; 0            ; 0          ; 0    ; 0            ; 2 (0)        ; 0 (0)             ; 0 (0)            ; 0 (0)           ; 0 (0)      ; |DUT|quarter_precision_multiplier:add_instance|fivebitadder:A1|Full_Adder:FA2                            ; Full_Adder                   ; work         ;
;             |OR_2:o1|                          ; 1 (1)       ; 0            ; 0          ; 0    ; 0            ; 1 (1)        ; 0 (0)             ; 0 (0)            ; 0 (0)           ; 0 (0)      ; |DUT|quarter_precision_multiplier:add_instance|fivebitadder:A1|Full_Adder:FA2|OR_2:o1                    ; OR_2                         ; work         ;
;             |XOR_2:x1|                         ; 1 (1)       ; 0            ; 0          ; 0    ; 0            ; 1 (1)        ; 0 (0)             ; 0 (0)            ; 0 (0)           ; 0 (0)      ; |DUT|quarter_precision_multiplier:add_instance|fivebitadder:A1|Full_Adder:FA2|XOR_2:x1                   ; XOR_2                        ; work         ;
;          |HALF_ADDER:FA0|                      ; 1 (1)       ; 0            ; 0          ; 0    ; 0            ; 1 (1)        ; 0 (0)             ; 0 (0)            ; 0 (0)           ; 0 (0)      ; |DUT|quarter_precision_multiplier:add_instance|fivebitadder:A1|HALF_ADDER:FA0                            ; HALF_ADDER                   ; work         ;
;       |fivebitadder:A2|                        ; 1 (0)       ; 0            ; 0          ; 0    ; 0            ; 1 (0)        ; 0 (0)             ; 0 (0)            ; 0 (0)           ; 0 (0)      ; |DUT|quarter_precision_multiplier:add_instance|fivebitadder:A2                                           ; fivebitadder                 ; work         ;
;          |Full_Adder:FA1|                      ; 1 (0)       ; 0            ; 0          ; 0    ; 0            ; 1 (0)        ; 0 (0)             ; 0 (0)            ; 0 (0)           ; 0 (0)      ; |DUT|quarter_precision_multiplier:add_instance|fivebitadder:A2|Full_Adder:FA1                            ; Full_Adder                   ; work         ;
;             |AND_2:a1|                         ; 1 (1)       ; 0            ; 0          ; 0    ; 0            ; 1 (1)        ; 0 (0)             ; 0 (0)            ; 0 (0)           ; 0 (0)      ; |DUT|quarter_precision_multiplier:add_instance|fivebitadder:A2|Full_Adder:FA1|AND_2:a1                   ; AND_2                        ; work         ;
;       |fivebitadder:A3|                        ; 6 (0)       ; 0            ; 0          ; 0    ; 0            ; 6 (0)        ; 0 (0)             ; 0 (0)            ; 0 (0)           ; 0 (0)      ; |DUT|quarter_precision_multiplier:add_instance|fivebitadder:A3                                           ; fivebitadder                 ; work         ;
;          |Full_Adder:FA1|                      ; 2 (0)       ; 0            ; 0          ; 0    ; 0            ; 2 (0)        ; 0 (0)             ; 0 (0)            ; 0 (0)           ; 0 (0)      ; |DUT|quarter_precision_multiplier:add_instance|fivebitadder:A3|Full_Adder:FA1                            ; Full_Adder                   ; work         ;
;             |AND_2:a1|                         ; 1 (1)       ; 0            ; 0          ; 0    ; 0            ; 1 (1)        ; 0 (0)             ; 0 (0)            ; 0 (0)           ; 0 (0)      ; |DUT|quarter_precision_multiplier:add_instance|fivebitadder:A3|Full_Adder:FA1|AND_2:a1                   ; AND_2                        ; work         ;
;             |XOR_2:x1|                         ; 1 (1)       ; 0            ; 0          ; 0    ; 0            ; 1 (1)        ; 0 (0)             ; 0 (0)            ; 0 (0)           ; 0 (0)      ; |DUT|quarter_precision_multiplier:add_instance|fivebitadder:A3|Full_Adder:FA1|XOR_2:x1                   ; XOR_2                        ; work         ;
;          |Full_Adder:FA2|                      ; 1 (0)       ; 0            ; 0          ; 0    ; 0            ; 1 (0)        ; 0 (0)             ; 0 (0)            ; 0 (0)           ; 0 (0)      ; |DUT|quarter_precision_multiplier:add_instance|fivebitadder:A3|Full_Adder:FA2                            ; Full_Adder                   ; work         ;
;             |XOR_2:x1|                         ; 1 (1)       ; 0            ; 0          ; 0    ; 0            ; 1 (1)        ; 0 (0)             ; 0 (0)            ; 0 (0)           ; 0 (0)      ; |DUT|quarter_precision_multiplier:add_instance|fivebitadder:A3|Full_Adder:FA2|XOR_2:x1                   ; XOR_2                        ; work         ;
;          |Full_Adder:FA3|                      ; 1 (0)       ; 0            ; 0          ; 0    ; 0            ; 1 (0)        ; 0 (0)             ; 0 (0)            ; 0 (0)           ; 0 (0)      ; |DUT|quarter_precision_multiplier:add_instance|fivebitadder:A3|Full_Adder:FA3                            ; Full_Adder                   ; work         ;
;             |XOR_2:x1|                         ; 1 (1)       ; 0            ; 0          ; 0    ; 0            ; 1 (1)        ; 0 (0)             ; 0 (0)            ; 0 (0)           ; 0 (0)      ; |DUT|quarter_precision_multiplier:add_instance|fivebitadder:A3|Full_Adder:FA3|XOR_2:x1                   ; XOR_2                        ; work         ;
;          |Full_Adder:FA4|                      ; 1 (0)       ; 0            ; 0          ; 0    ; 0            ; 1 (0)        ; 0 (0)             ; 0 (0)            ; 0 (0)           ; 0 (0)      ; |DUT|quarter_precision_multiplier:add_instance|fivebitadder:A3|Full_Adder:FA4                            ; Full_Adder                   ; work         ;
;             |XOR_2:x1|                         ; 1 (1)       ; 0            ; 0          ; 0    ; 0            ; 1 (1)        ; 0 (0)             ; 0 (0)            ; 0 (0)           ; 0 (0)      ; |DUT|quarter_precision_multiplier:add_instance|fivebitadder:A3|Full_Adder:FA4|XOR_2:x1                   ; XOR_2                        ; work         ;
;          |HALF_ADDER:FA0|                      ; 1 (1)       ; 0            ; 0          ; 0    ; 0            ; 1 (1)        ; 0 (0)             ; 0 (0)            ; 0 (0)           ; 0 (0)      ; |DUT|quarter_precision_multiplier:add_instance|fivebitadder:A3|HALF_ADDER:FA0                            ; HALF_ADDER                   ; work         ;
;       |multiplier:M1|                          ; 41 (9)      ; 0            ; 0          ; 0    ; 0            ; 41 (9)       ; 0 (0)             ; 0 (0)            ; 0 (0)           ; 0 (0)      ; |DUT|quarter_precision_multiplier:add_instance|multiplier:M1                                             ; multiplier                   ; work         ;
;          |tenbitadder:m0|                      ; 9 (0)       ; 0            ; 0          ; 0    ; 0            ; 9 (0)        ; 0 (0)             ; 0 (0)            ; 0 (0)           ; 0 (0)      ; |DUT|quarter_precision_multiplier:add_instance|multiplier:M1|tenbitadder:m0                              ; tenbitadder                  ; work         ;
;             |Full_Adder:FA1|                   ; 1 (0)       ; 0            ; 0          ; 0    ; 0            ; 1 (0)        ; 0 (0)             ; 0 (0)            ; 0 (0)           ; 0 (0)      ; |DUT|quarter_precision_multiplier:add_instance|multiplier:M1|tenbitadder:m0|Full_Adder:FA1               ; Full_Adder                   ; work         ;
;                |HALF_ADDER:ha|                 ; 1 (1)       ; 0            ; 0          ; 0    ; 0            ; 1 (1)        ; 0 (0)             ; 0 (0)            ; 0 (0)           ; 0 (0)      ; |DUT|quarter_precision_multiplier:add_instance|multiplier:M1|tenbitadder:m0|Full_Adder:FA1|HALF_ADDER:ha ; HALF_ADDER                   ; work         ;
;             |Full_Adder:FA2|                   ; 4 (0)       ; 0            ; 0          ; 0    ; 0            ; 4 (0)        ; 0 (0)             ; 0 (0)            ; 0 (0)           ; 0 (0)      ; |DUT|quarter_precision_multiplier:add_instance|multiplier:M1|tenbitadder:m0|Full_Adder:FA2               ; Full_Adder                   ; work         ;
;                |OR_2:o1|                       ; 2 (2)       ; 0            ; 0          ; 0    ; 0            ; 2 (2)        ; 0 (0)             ; 0 (0)            ; 0 (0)           ; 0 (0)      ; |DUT|quarter_precision_multiplier:add_instance|multiplier:M1|tenbitadder:m0|Full_Adder:FA2|OR_2:o1       ; OR_2                         ; work         ;
;                |XOR_2:x1|                      ; 2 (2)       ; 0            ; 0          ; 0    ; 0            ; 2 (2)        ; 0 (0)             ; 0 (0)            ; 0 (0)           ; 0 (0)      ; |DUT|quarter_precision_multiplier:add_instance|multiplier:M1|tenbitadder:m0|Full_Adder:FA2|XOR_2:x1      ; XOR_2                        ; work         ;
;             |Full_Adder:FA3|                   ; 2 (0)       ; 0            ; 0          ; 0    ; 0            ; 2 (0)        ; 0 (0)             ; 0 (0)            ; 0 (0)           ; 0 (0)      ; |DUT|quarter_precision_multiplier:add_instance|multiplier:M1|tenbitadder:m0|Full_Adder:FA3               ; Full_Adder                   ; work         ;
;                |OR_2:o1|                       ; 1 (1)       ; 0            ; 0          ; 0    ; 0            ; 1 (1)        ; 0 (0)             ; 0 (0)            ; 0 (0)           ; 0 (0)      ; |DUT|quarter_precision_multiplier:add_instance|multiplier:M1|tenbitadder:m0|Full_Adder:FA3|OR_2:o1       ; OR_2                         ; work         ;
;                |XOR_2:x1|                      ; 1 (1)       ; 0            ; 0          ; 0    ; 0            ; 1 (1)        ; 0 (0)             ; 0 (0)            ; 0 (0)           ; 0 (0)      ; |DUT|quarter_precision_multiplier:add_instance|multiplier:M1|tenbitadder:m0|Full_Adder:FA3|XOR_2:x1      ; XOR_2                        ; work         ;
;             |Full_Adder:FA4|                   ; 2 (0)       ; 0            ; 0          ; 0    ; 0            ; 2 (0)        ; 0 (0)             ; 0 (0)            ; 0 (0)           ; 0 (0)      ; |DUT|quarter_precision_multiplier:add_instance|multiplier:M1|tenbitadder:m0|Full_Adder:FA4               ; Full_Adder                   ; work         ;
;                |HALF_ADDER:ha|                 ; 1 (1)       ; 0            ; 0          ; 0    ; 0            ; 1 (1)        ; 0 (0)             ; 0 (0)            ; 0 (0)           ; 0 (0)      ; |DUT|quarter_precision_multiplier:add_instance|multiplier:M1|tenbitadder:m0|Full_Adder:FA4|HALF_ADDER:ha ; HALF_ADDER                   ; work         ;
;                |OR_2:o1|                       ; 1 (1)       ; 0            ; 0          ; 0    ; 0            ; 1 (1)        ; 0 (0)             ; 0 (0)            ; 0 (0)           ; 0 (0)      ; |DUT|quarter_precision_multiplier:add_instance|multiplier:M1|tenbitadder:m0|Full_Adder:FA4|OR_2:o1       ; OR_2                         ; work         ;
;          |tenbitadder:m1|                      ; 8 (0)       ; 0            ; 0          ; 0    ; 0            ; 8 (0)        ; 0 (0)             ; 0 (0)            ; 0 (0)           ; 0 (0)      ; |DUT|quarter_precision_multiplier:add_instance|multiplier:M1|tenbitadder:m1                              ; tenbitadder                  ; work         ;
;             |Full_Adder:FA3|                   ; 2 (0)       ; 0            ; 0          ; 0    ; 0            ; 2 (0)        ; 0 (0)             ; 0 (0)            ; 0 (0)           ; 0 (0)      ; |DUT|quarter_precision_multiplier:add_instance|multiplier:M1|tenbitadder:m1|Full_Adder:FA3               ; Full_Adder                   ; work         ;
;                |OR_2:o1|                       ; 1 (1)       ; 0            ; 0          ; 0    ; 0            ; 1 (1)        ; 0 (0)             ; 0 (0)            ; 0 (0)           ; 0 (0)      ; |DUT|quarter_precision_multiplier:add_instance|multiplier:M1|tenbitadder:m1|Full_Adder:FA3|OR_2:o1       ; OR_2                         ; work         ;
;                |XOR_2:x1|                      ; 1 (1)       ; 0            ; 0          ; 0    ; 0            ; 1 (1)        ; 0 (0)             ; 0 (0)            ; 0 (0)           ; 0 (0)      ; |DUT|quarter_precision_multiplier:add_instance|multiplier:M1|tenbitadder:m1|Full_Adder:FA3|XOR_2:x1      ; XOR_2                        ; work         ;
;             |Full_Adder:FA4|                   ; 2 (0)       ; 0            ; 0          ; 0    ; 0            ; 2 (0)        ; 0 (0)             ; 0 (0)            ; 0 (0)           ; 0 (0)      ; |DUT|quarter_precision_multiplier:add_instance|multiplier:M1|tenbitadder:m1|Full_Adder:FA4               ; Full_Adder                   ; work         ;
;                |OR_2:o1|                       ; 1 (1)       ; 0            ; 0          ; 0    ; 0            ; 1 (1)        ; 0 (0)             ; 0 (0)            ; 0 (0)           ; 0 (0)      ; |DUT|quarter_precision_multiplier:add_instance|multiplier:M1|tenbitadder:m1|Full_Adder:FA4|OR_2:o1       ; OR_2                         ; work         ;
;                |XOR_2:x1|                      ; 1 (1)       ; 0            ; 0          ; 0    ; 0            ; 1 (1)        ; 0 (0)             ; 0 (0)            ; 0 (0)           ; 0 (0)      ; |DUT|quarter_precision_multiplier:add_instance|multiplier:M1|tenbitadder:m1|Full_Adder:FA4|XOR_2:x1      ; XOR_2                        ; work         ;
;             |Full_Adder:FA5|                   ; 2 (0)       ; 0            ; 0          ; 0    ; 0            ; 2 (0)        ; 0 (0)             ; 0 (0)            ; 0 (0)           ; 0 (0)      ; |DUT|quarter_precision_multiplier:add_instance|multiplier:M1|tenbitadder:m1|Full_Adder:FA5               ; Full_Adder                   ; work         ;
;                |HALF_ADDER:ha|                 ; 1 (1)       ; 0            ; 0          ; 0    ; 0            ; 1 (1)        ; 0 (0)             ; 0 (0)            ; 0 (0)           ; 0 (0)      ; |DUT|quarter_precision_multiplier:add_instance|multiplier:M1|tenbitadder:m1|Full_Adder:FA5|HALF_ADDER:ha ; HALF_ADDER                   ; work         ;
;                |OR_2:o1|                       ; 1 (1)       ; 0            ; 0          ; 0    ; 0            ; 1 (1)        ; 0 (0)             ; 0 (0)            ; 0 (0)           ; 0 (0)      ; |DUT|quarter_precision_multiplier:add_instance|multiplier:M1|tenbitadder:m1|Full_Adder:FA5|OR_2:o1       ; OR_2                         ; work         ;
;             |Full_Adder:FA6|                   ; 2 (0)       ; 0            ; 0          ; 0    ; 0            ; 2 (0)        ; 0 (0)             ; 0 (0)            ; 0 (0)           ; 0 (0)      ; |DUT|quarter_precision_multiplier:add_instance|multiplier:M1|tenbitadder:m1|Full_Adder:FA6               ; Full_Adder                   ; work         ;
;                |HALF_ADDER:ha|                 ; 1 (1)       ; 0            ; 0          ; 0    ; 0            ; 1 (1)        ; 0 (0)             ; 0 (0)            ; 0 (0)           ; 0 (0)      ; |DUT|quarter_precision_multiplier:add_instance|multiplier:M1|tenbitadder:m1|Full_Adder:FA6|HALF_ADDER:ha ; HALF_ADDER                   ; work         ;
;                |OR_2:o1|                       ; 1 (1)       ; 0            ; 0          ; 0    ; 0            ; 1 (1)        ; 0 (0)             ; 0 (0)            ; 0 (0)           ; 0 (0)      ; |DUT|quarter_precision_multiplier:add_instance|multiplier:M1|tenbitadder:m1|Full_Adder:FA6|OR_2:o1       ; OR_2                         ; work         ;
;          |tenbitadder:m2|                      ; 9 (0)       ; 0            ; 0          ; 0    ; 0            ; 9 (0)        ; 0 (0)             ; 0 (0)            ; 0 (0)           ; 0 (0)      ; |DUT|quarter_precision_multiplier:add_instance|multiplier:M1|tenbitadder:m2                              ; tenbitadder                  ; work         ;
;             |Full_Adder:FA3|                   ; 1 (0)       ; 0            ; 0          ; 0    ; 0            ; 1 (0)        ; 0 (0)             ; 0 (0)            ; 0 (0)           ; 0 (0)      ; |DUT|quarter_precision_multiplier:add_instance|multiplier:M1|tenbitadder:m2|Full_Adder:FA3               ; Full_Adder                   ; work         ;
;                |HALF_ADDER:ha|                 ; 1 (1)       ; 0            ; 0          ; 0    ; 0            ; 1 (1)        ; 0 (0)             ; 0 (0)            ; 0 (0)           ; 0 (0)      ; |DUT|quarter_precision_multiplier:add_instance|multiplier:M1|tenbitadder:m2|Full_Adder:FA3|HALF_ADDER:ha ; HALF_ADDER                   ; work         ;
;             |Full_Adder:FA4|                   ; 2 (0)       ; 0            ; 0          ; 0    ; 0            ; 2 (0)        ; 0 (0)             ; 0 (0)            ; 0 (0)           ; 0 (0)      ; |DUT|quarter_precision_multiplier:add_instance|multiplier:M1|tenbitadder:m2|Full_Adder:FA4               ; Full_Adder                   ; work         ;
;                |OR_2:o1|                       ; 1 (1)       ; 0            ; 0          ; 0    ; 0            ; 1 (1)        ; 0 (0)             ; 0 (0)            ; 0 (0)           ; 0 (0)      ; |DUT|quarter_precision_multiplier:add_instance|multiplier:M1|tenbitadder:m2|Full_Adder:FA4|OR_2:o1       ; OR_2                         ; work         ;
;                |XOR_2:x1|                      ; 1 (1)       ; 0            ; 0          ; 0    ; 0            ; 1 (1)        ; 0 (0)             ; 0 (0)            ; 0 (0)           ; 0 (0)      ; |DUT|quarter_precision_multiplier:add_instance|multiplier:M1|tenbitadder:m2|Full_Adder:FA4|XOR_2:x1      ; XOR_2                        ; work         ;
;             |Full_Adder:FA5|                   ; 2 (0)       ; 0            ; 0          ; 0    ; 0            ; 2 (0)        ; 0 (0)             ; 0 (0)            ; 0 (0)           ; 0 (0)      ; |DUT|quarter_precision_multiplier:add_instance|multiplier:M1|tenbitadder:m2|Full_Adder:FA5               ; Full_Adder                   ; work         ;
;                |OR_2:o1|                       ; 1 (1)       ; 0            ; 0          ; 0    ; 0            ; 1 (1)        ; 0 (0)             ; 0 (0)            ; 0 (0)           ; 0 (0)      ; |DUT|quarter_precision_multiplier:add_instance|multiplier:M1|tenbitadder:m2|Full_Adder:FA5|OR_2:o1       ; OR_2                         ; work         ;
;                |XOR_2:x1|                      ; 1 (1)       ; 0            ; 0          ; 0    ; 0            ; 1 (1)        ; 0 (0)             ; 0 (0)            ; 0 (0)           ; 0 (0)      ; |DUT|quarter_precision_multiplier:add_instance|multiplier:M1|tenbitadder:m2|Full_Adder:FA5|XOR_2:x1      ; XOR_2                        ; work         ;
;             |Full_Adder:FA6|                   ; 2 (0)       ; 0            ; 0          ; 0    ; 0            ; 2 (0)        ; 0 (0)             ; 0 (0)            ; 0 (0)           ; 0 (0)      ; |DUT|quarter_precision_multiplier:add_instance|multiplier:M1|tenbitadder:m2|Full_Adder:FA6               ; Full_Adder                   ; work         ;
;                |HALF_ADDER:ha|                 ; 1 (1)       ; 0            ; 0          ; 0    ; 0            ; 1 (1)        ; 0 (0)             ; 0 (0)            ; 0 (0)           ; 0 (0)      ; |DUT|quarter_precision_multiplier:add_instance|multiplier:M1|tenbitadder:m2|Full_Adder:FA6|HALF_ADDER:ha ; HALF_ADDER                   ; work         ;
;                |OR_2:o1|                       ; 1 (1)       ; 0            ; 0          ; 0    ; 0            ; 1 (1)        ; 0 (0)             ; 0 (0)            ; 0 (0)           ; 0 (0)      ; |DUT|quarter_precision_multiplier:add_instance|multiplier:M1|tenbitadder:m2|Full_Adder:FA6|OR_2:o1       ; OR_2                         ; work         ;
;             |Full_Adder:FA7|                   ; 2 (0)       ; 0            ; 0          ; 0    ; 0            ; 2 (0)        ; 0 (0)             ; 0 (0)            ; 0 (0)           ; 0 (0)      ; |DUT|quarter_precision_multiplier:add_instance|multiplier:M1|tenbitadder:m2|Full_Adder:FA7               ; Full_Adder                   ; work         ;
;                |HALF_ADDER:ha|                 ; 1 (1)       ; 0            ; 0          ; 0    ; 0            ; 1 (1)        ; 0 (0)             ; 0 (0)            ; 0 (0)           ; 0 (0)      ; |DUT|quarter_precision_multiplier:add_instance|multiplier:M1|tenbitadder:m2|Full_Adder:FA7|HALF_ADDER:ha ; HALF_ADDER                   ; work         ;
;                |OR_2:o1|                       ; 1 (1)       ; 0            ; 0          ; 0    ; 0            ; 1 (1)        ; 0 (0)             ; 0 (0)            ; 0 (0)           ; 0 (0)      ; |DUT|quarter_precision_multiplier:add_instance|multiplier:M1|tenbitadder:m2|Full_Adder:FA7|OR_2:o1       ; OR_2                         ; work         ;
;          |tenbitadder:m3|                      ; 6 (0)       ; 0            ; 0          ; 0    ; 0            ; 6 (0)        ; 0 (0)             ; 0 (0)            ; 0 (0)           ; 0 (0)      ; |DUT|quarter_precision_multiplier:add_instance|multiplier:M1|tenbitadder:m3                              ; tenbitadder                  ; work         ;
;             |Full_Adder:FA5|                   ; 2 (0)       ; 0            ; 0          ; 0    ; 0            ; 2 (0)        ; 0 (0)             ; 0 (0)            ; 0 (0)           ; 0 (0)      ; |DUT|quarter_precision_multiplier:add_instance|multiplier:M1|tenbitadder:m3|Full_Adder:FA5               ; Full_Adder                   ; work         ;
;                |OR_2:o1|                       ; 1 (1)       ; 0            ; 0          ; 0    ; 0            ; 1 (1)        ; 0 (0)             ; 0 (0)            ; 0 (0)           ; 0 (0)      ; |DUT|quarter_precision_multiplier:add_instance|multiplier:M1|tenbitadder:m3|Full_Adder:FA5|OR_2:o1       ; OR_2                         ; work         ;
;                |XOR_2:x1|                      ; 1 (1)       ; 0            ; 0          ; 0    ; 0            ; 1 (1)        ; 0 (0)             ; 0 (0)            ; 0 (0)           ; 0 (0)      ; |DUT|quarter_precision_multiplier:add_instance|multiplier:M1|tenbitadder:m3|Full_Adder:FA5|XOR_2:x1      ; XOR_2                        ; work         ;
;             |Full_Adder:FA6|                   ; 2 (0)       ; 0            ; 0          ; 0    ; 0            ; 2 (0)        ; 0 (0)             ; 0 (0)            ; 0 (0)           ; 0 (0)      ; |DUT|quarter_precision_multiplier:add_instance|multiplier:M1|tenbitadder:m3|Full_Adder:FA6               ; Full_Adder                   ; work         ;
;                |OR_2:o1|                       ; 1 (1)       ; 0            ; 0          ; 0    ; 0            ; 1 (1)        ; 0 (0)             ; 0 (0)            ; 0 (0)           ; 0 (0)      ; |DUT|quarter_precision_multiplier:add_instance|multiplier:M1|tenbitadder:m3|Full_Adder:FA6|OR_2:o1       ; OR_2                         ; work         ;
;                |XOR_2:x1|                      ; 1 (1)       ; 0            ; 0          ; 0    ; 0            ; 1 (1)        ; 0 (0)             ; 0 (0)            ; 0 (0)           ; 0 (0)      ; |DUT|quarter_precision_multiplier:add_instance|multiplier:M1|tenbitadder:m3|Full_Adder:FA6|XOR_2:x1      ; XOR_2                        ; work         ;
;             |Full_Adder:FA7|                   ; 2 (0)       ; 0            ; 0          ; 0    ; 0            ; 2 (0)        ; 0 (0)             ; 0 (0)            ; 0 (0)           ; 0 (0)      ; |DUT|quarter_precision_multiplier:add_instance|multiplier:M1|tenbitadder:m3|Full_Adder:FA7               ; Full_Adder                   ; work         ;
;                |OR_2:o1|                       ; 1 (1)       ; 0            ; 0          ; 0    ; 0            ; 1 (1)        ; 0 (0)             ; 0 (0)            ; 0 (0)           ; 0 (0)      ; |DUT|quarter_precision_multiplier:add_instance|multiplier:M1|tenbitadder:m3|Full_Adder:FA7|OR_2:o1       ; OR_2                         ; work         ;
;                |XOR_2:x1|                      ; 1 (1)       ; 0            ; 0          ; 0    ; 0            ; 1 (1)        ; 0 (0)             ; 0 (0)            ; 0 (0)           ; 0 (0)      ; |DUT|quarter_precision_multiplier:add_instance|multiplier:M1|tenbitadder:m3|Full_Adder:FA7|XOR_2:x1      ; XOR_2                        ; work         ;
;       |mux:M2|                                 ; 10 (10)     ; 0            ; 0          ; 0    ; 0            ; 10 (10)      ; 0 (0)             ; 0 (0)            ; 0 (0)           ; 0 (0)      ; |DUT|quarter_precision_multiplier:add_instance|mux:M2                                                    ; mux                          ; work         ;
+------------------------------------------------+-------------+--------------+------------+------+--------------+--------------+-------------------+------------------+-----------------+------------+----------------------------------------------------------------------------------------------------------+------------------------------+--------------+
Note: For table entries with two numbers listed, the numbers in parentheses indicate the number of resources of the given type used by the specific entity alone. The numbers listed outside of parentheses indicate the total resources of the given type used by the specific entity and all of its sub-entities in the hierarchy.


+------------------------------------------------------+
; General Register Statistics                          ;
+----------------------------------------------+-------+
; Statistic                                    ; Value ;
+----------------------------------------------+-------+
; Total registers                              ; 0     ;
; Number of registers using Synchronous Clear  ; 0     ;
; Number of registers using Synchronous Load   ; 0     ;
; Number of registers using Asynchronous Clear ; 0     ;
; Number of registers using Asynchronous Load  ; 0     ;
; Number of registers using Clock Enable       ; 0     ;
; Number of registers using Preset             ; 0     ;
+----------------------------------------------+-------+


+---------------------------------------------------------------------------------------+
; Port Connectivity Checks: "quarter_precision_multiplier:add_instance|fivebitadder:A3" ;
+---------+-------+----------+----------------------------------------------------------+
; Port    ; Type  ; Severity ; Details                                                  ;
+---------+-------+----------+----------------------------------------------------------+
; b[4..1] ; Input ; Info     ; Stuck at GND                                             ;
+---------+-------+----------+----------------------------------------------------------+


+---------------------------------------------------------------------------------------+
; Port Connectivity Checks: "quarter_precision_multiplier:add_instance|fivebitadder:A2" ;
+---------+-------+----------+----------------------------------------------------------+
; Port    ; Type  ; Severity ; Details                                                  ;
+---------+-------+----------+----------------------------------------------------------+
; b[2..1] ; Input ; Info     ; Stuck at GND                                             ;
; b[4]    ; Input ; Info     ; Stuck at GND                                             ;
; b[3]    ; Input ; Info     ; Stuck at VCC                                             ;
; b[0]    ; Input ; Info     ; Stuck at VCC                                             ;
+---------+-------+----------+----------------------------------------------------------+


+----------------------------------------------------------------------------------------------------------------+
; Port Connectivity Checks: "quarter_precision_multiplier:add_instance|fivebitadder:A1|Full_Adder:FA4"           ;
+------+--------+----------+-------------------------------------------------------------------------------------+
; Port ; Type   ; Severity ; Details                                                                             ;
+------+--------+----------+-------------------------------------------------------------------------------------+
; cout ; Output ; Info     ; Connected to dangling logic. Logic that only feeds a dangling port will be removed. ;
+------+--------+----------+-------------------------------------------------------------------------------------+


+---------------------------------------------------------------------------------------+
; Port Connectivity Checks: "quarter_precision_multiplier:add_instance|fivebitadder:A1" ;
+---------+-------+----------+----------------------------------------------------------+
; Port    ; Type  ; Severity ; Details                                                  ;
+---------+-------+----------+----------------------------------------------------------+
; a[4..3] ; Input ; Info     ; Stuck at GND                                             ;
; b[4..3] ; Input ; Info     ; Stuck at GND                                             ;
+---------+-------+----------+----------------------------------------------------------+


+------------------------------------------------------------------------------+
; Port Connectivity Checks: "quarter_precision_multiplier:add_instance|mux:M2" ;
+---------+-------+----------+-------------------------------------------------+
; Port    ; Type  ; Severity ; Details                                         ;
+---------+-------+----------+-------------------------------------------------+
; a[1..0] ; Input ; Info     ; Stuck at GND                                    ;
; b[0]    ; Input ; Info     ; Stuck at GND                                    ;
+---------+-------+----------+-------------------------------------------------+


+----------------------------------------------------------------------------------------------------+
; Port Connectivity Checks: "quarter_precision_multiplier:add_instance|multiplier:M1|tenbitadder:m3" ;
+---------+-------+----------+-----------------------------------------------------------------------+
; Port    ; Type  ; Severity ; Details                                                               ;
+---------+-------+----------+-----------------------------------------------------------------------+
; b[3..0] ; Input ; Info     ; Stuck at GND                                                          ;
; b[9]    ; Input ; Info     ; Stuck at GND                                                          ;
+---------+-------+----------+-----------------------------------------------------------------------+


+----------------------------------------------------------------------------------------------------+
; Port Connectivity Checks: "quarter_precision_multiplier:add_instance|multiplier:M1|tenbitadder:m2" ;
+---------+-------+----------+-----------------------------------------------------------------------+
; Port    ; Type  ; Severity ; Details                                                               ;
+---------+-------+----------+-----------------------------------------------------------------------+
; b[9..8] ; Input ; Info     ; Stuck at GND                                                          ;
; b[2..0] ; Input ; Info     ; Stuck at GND                                                          ;
+---------+-------+----------+-----------------------------------------------------------------------+


+----------------------------------------------------------------------------------------------------+
; Port Connectivity Checks: "quarter_precision_multiplier:add_instance|multiplier:M1|tenbitadder:m1" ;
+---------+-------+----------+-----------------------------------------------------------------------+
; Port    ; Type  ; Severity ; Details                                                               ;
+---------+-------+----------+-----------------------------------------------------------------------+
; b[9..7] ; Input ; Info     ; Stuck at GND                                                          ;
; b[1..0] ; Input ; Info     ; Stuck at GND                                                          ;
+---------+-------+----------+-----------------------------------------------------------------------+


+-------------------------------------------------------------------------------------------------------------------+
; Port Connectivity Checks: "quarter_precision_multiplier:add_instance|multiplier:M1|tenbitadder:m0|Full_Adder:FA9" ;
+------+--------+----------+----------------------------------------------------------------------------------------+
; Port ; Type   ; Severity ; Details                                                                                ;
+------+--------+----------+----------------------------------------------------------------------------------------+
; cout ; Output ; Info     ; Connected to dangling logic. Logic that only feeds a dangling port will be removed.    ;
+------+--------+----------+----------------------------------------------------------------------------------------+


+----------------------------------------------------------------------------------------------------+
; Port Connectivity Checks: "quarter_precision_multiplier:add_instance|multiplier:M1|tenbitadder:m0" ;
+---------+-------+----------+-----------------------------------------------------------------------+
; Port    ; Type  ; Severity ; Details                                                               ;
+---------+-------+----------+-----------------------------------------------------------------------+
; a[9..5] ; Input ; Info     ; Stuck at GND                                                          ;
; b[9..6] ; Input ; Info     ; Stuck at GND                                                          ;
; b[0]    ; Input ; Info     ; Stuck at GND                                                          ;
+---------+-------+----------+-----------------------------------------------------------------------+


+-------------------------------------------------------------------------------------+
; Port Connectivity Checks: "quarter_precision_multiplier:add_instance|multiplier:M1" ;
+------+-------+----------+-----------------------------------------------------------+
; Port ; Type  ; Severity ; Details                                                   ;
+------+-------+----------+-----------------------------------------------------------+
; a[4] ; Input ; Info     ; Stuck at VCC                                              ;
; b[4] ; Input ; Info     ; Stuck at VCC                                              ;
+------+-------+----------+-----------------------------------------------------------+


+-------------------------------+
; Analysis & Synthesis Messages ;
+-------------------------------+
Info: *******************************************************************
Info: Running Quartus Prime Analysis & Synthesis
    Info: Version 18.1.0 Build 625 09/12/2018 SJ Lite Edition
    Info: Processing started: Mon Apr 22 22:17:11 2019
Info: Command: quartus_map --read_settings_files=on --write_settings_files=off Assignment2 -c Assignment2
Warning (18236): Number of processors has not been specified which may cause overloading on shared machines.  Set the global assignment NUM_PARALLEL_PROCESSORS in your QSF to an appropriate value for best performance.
Info (20030): Parallel compilation is enabled and will use 2 of the 2 processors detected
Info (12021): Found 2 design units, including 1 entities, in source file mux4.vhdl
    Info (12022): Found design unit 1: mux4-arch File: C:/intelFPGA_lite/18.1/Projects/EE224_A2/mux4.vhdl Line: 14
    Info (12023): Found entity 1: mux4 File: C:/intelFPGA_lite/18.1/Projects/EE224_A2/mux4.vhdl Line: 8
Info (12021): Found 2 design units, including 1 entities, in source file mux3.vhdl
    Info (12022): Found design unit 1: mux3-arch File: C:/intelFPGA_lite/18.1/Projects/EE224_A2/mux3.vhdl Line: 14
    Info (12023): Found entity 1: mux3 File: C:/intelFPGA_lite/18.1/Projects/EE224_A2/mux3.vhdl Line: 8
Info (12021): Found 2 design units, including 1 entities, in source file mux2.vhdl
    Info (12022): Found design unit 1: mux2-arch File: C:/intelFPGA_lite/18.1/Projects/EE224_A2/mux2.vhdl Line: 14
    Info (12023): Found entity 1: mux2 File: C:/intelFPGA_lite/18.1/Projects/EE224_A2/mux2.vhdl Line: 8
Info (12021): Found 2 design units, including 1 entities, in source file dut.vhdl
    Info (12022): Found design unit 1: DUT-DutWrap File: C:/intelFPGA_lite/18.1/Projects/EE224_A2/DUT.vhdl Line: 8
    Info (12023): Found entity 1: DUT File: C:/intelFPGA_lite/18.1/Projects/EE224_A2/DUT.vhdl Line: 3
Warning (12090): Entity "mux" obtained from "mux.vhdl" instead of from Quartus Prime megafunction library File: C:/intelFPGA_lite/18.1/Projects/EE224_A2/mux.vhdl Line: 8
Info (12021): Found 2 design units, including 1 entities, in source file mux.vhdl
    Info (12022): Found design unit 1: mux-arch File: C:/intelFPGA_lite/18.1/Projects/EE224_A2/mux.vhdl Line: 14
    Info (12023): Found entity 1: mux File: C:/intelFPGA_lite/18.1/Projects/EE224_A2/mux.vhdl Line: 8
Info (12021): Found 2 design units, including 1 entities, in source file tenbitadder.vhdl
    Info (12022): Found design unit 1: tenbitadder-Equations File: C:/intelFPGA_lite/18.1/Projects/EE224_A2/tenbitadder.vhdl Line: 13
    Info (12023): Found entity 1: tenbitadder File: C:/intelFPGA_lite/18.1/Projects/EE224_A2/tenbitadder.vhdl Line: 6
Info (12021): Found 2 design units, including 1 entities, in source file quarter_precision_multiplier.vhdl
    Info (12022): Found design unit 1: quarter_precision_multiplier-Behavioral File: C:/intelFPGA_lite/18.1/Projects/EE224_A2/quarter_precision_multiplier.vhdl Line: 15
    Info (12023): Found entity 1: quarter_precision_multiplier File: C:/intelFPGA_lite/18.1/Projects/EE224_A2/quarter_precision_multiplier.vhdl Line: 9
Info (12021): Found 2 design units, including 1 entities, in source file multiplier.vhdl
    Info (12022): Found design unit 1: multiplier-struct File: C:/intelFPGA_lite/18.1/Projects/EE224_A2/multiplier.vhdl Line: 15
    Info (12023): Found entity 1: multiplier File: C:/intelFPGA_lite/18.1/Projects/EE224_A2/multiplier.vhdl Line: 7
Info (12021): Found 19 design units, including 9 entities, in source file gates.vhdl
    Info (12022): Found design unit 1: Gates File: C:/intelFPGA_lite/18.1/Projects/EE224_A2/Gates.vhdl Line: 3
    Info (12022): Found design unit 2: INVERTER-Equations File: C:/intelFPGA_lite/18.1/Projects/EE224_A2/Gates.vhdl Line: 51
    Info (12022): Found design unit 3: AND_2-Equations File: C:/intelFPGA_lite/18.1/Projects/EE224_A2/Gates.vhdl Line: 63
    Info (12022): Found design unit 4: NAND_2-Equations File: C:/intelFPGA_lite/18.1/Projects/EE224_A2/Gates.vhdl Line: 80
    Info (12022): Found design unit 5: OR_2-Equations File: C:/intelFPGA_lite/18.1/Projects/EE224_A2/Gates.vhdl Line: 85
    Info (12022): Found design unit 6: NOR_2-Equations File: C:/intelFPGA_lite/18.1/Projects/EE224_A2/Gates.vhdl Line: 96
    Info (12022): Found design unit 7: XOR_2-Equations File: C:/intelFPGA_lite/18.1/Projects/EE224_A2/Gates.vhdl Line: 108
    Info (12022): Found design unit 8: XNOR_2-Equations File: C:/intelFPGA_lite/18.1/Projects/EE224_A2/Gates.vhdl Line: 119
    Info (12022): Found design unit 9: HALF_ADDER-Equations File: C:/intelFPGA_lite/18.1/Projects/EE224_A2/Gates.vhdl Line: 130
    Info (12022): Found design unit 10: Full_Adder-Struct File: C:/intelFPGA_lite/18.1/Projects/EE224_A2/Gates.vhdl Line: 143
    Info (12023): Found entity 1: INVERTER File: C:/intelFPGA_lite/18.1/Projects/EE224_A2/Gates.vhdl Line: 47
    Info (12023): Found entity 2: AND_2 File: C:/intelFPGA_lite/18.1/Projects/EE224_A2/Gates.vhdl Line: 59
    Info (12023): Found entity 3: NAND_2 File: C:/intelFPGA_lite/18.1/Projects/EE224_A2/Gates.vhdl Line: 70
    Info (12023): Found entity 4: OR_2 File: C:/intelFPGA_lite/18.1/Projects/EE224_A2/Gates.vhdl Line: 76
    Info (12023): Found entity 5: NOR_2 File: C:/intelFPGA_lite/18.1/Projects/EE224_A2/Gates.vhdl Line: 92
    Info (12023): Found entity 6: XOR_2 File: C:/intelFPGA_lite/18.1/Projects/EE224_A2/Gates.vhdl Line: 104
    Info (12023): Found entity 7: XNOR_2 File: C:/intelFPGA_lite/18.1/Projects/EE224_A2/Gates.vhdl Line: 115
    Info (12023): Found entity 8: HALF_ADDER File: C:/intelFPGA_lite/18.1/Projects/EE224_A2/Gates.vhdl Line: 126
    Info (12023): Found entity 9: Full_Adder File: C:/intelFPGA_lite/18.1/Projects/EE224_A2/Gates.vhdl Line: 138
Info (12021): Found 2 design units, including 1 entities, in source file fivebitadder.vhdl
    Info (12022): Found design unit 1: fivebitadder-Equations File: C:/intelFPGA_lite/18.1/Projects/EE224_A2/fivebitadder.vhdl Line: 13
    Info (12023): Found entity 1: fivebitadder File: C:/intelFPGA_lite/18.1/Projects/EE224_A2/fivebitadder.vhdl Line: 6
Info (12127): Elaborating entity "DUT" for the top level hierarchy
Info (12128): Elaborating entity "quarter_precision_multiplier" for hierarchy "quarter_precision_multiplier:add_instance" File: C:/intelFPGA_lite/18.1/Projects/EE224_A2/DUT.vhdl Line: 16
Info (12128): Elaborating entity "multiplier" for hierarchy "quarter_precision_multiplier:add_instance|multiplier:M1" File: C:/intelFPGA_lite/18.1/Projects/EE224_A2/quarter_precision_multiplier.vhdl Line: 62
Info (12128): Elaborating entity "tenbitadder" for hierarchy "quarter_precision_multiplier:add_instance|multiplier:M1|tenbitadder:m0" File: C:/intelFPGA_lite/18.1/Projects/EE224_A2/multiplier.vhdl Line: 49
Warning (10036): Verilog HDL or VHDL warning at tenbitadder.vhdl(14): object "C10" assigned a value but never read File: C:/intelFPGA_lite/18.1/Projects/EE224_A2/tenbitadder.vhdl Line: 14
Info (12128): Elaborating entity "HALF_ADDER" for hierarchy "quarter_precision_multiplier:add_instance|multiplier:M1|tenbitadder:m0|HALF_ADDER:FA0" File: C:/intelFPGA_lite/18.1/Projects/EE224_A2/tenbitadder.vhdl Line: 18
Info (12128): Elaborating entity "Full_Adder" for hierarchy "quarter_precision_multiplier:add_instance|multiplier:M1|tenbitadder:m0|Full_Adder:FA1" File: C:/intelFPGA_lite/18.1/Projects/EE224_A2/tenbitadder.vhdl Line: 19
Info (12128): Elaborating entity "AND_2" for hierarchy "quarter_precision_multiplier:add_instance|multiplier:M1|tenbitadder:m0|Full_Adder:FA1|AND_2:a1" File: C:/intelFPGA_lite/18.1/Projects/EE224_A2/Gates.vhdl Line: 163
Info (12128): Elaborating entity "OR_2" for hierarchy "quarter_precision_multiplier:add_instance|multiplier:M1|tenbitadder:m0|Full_Adder:FA1|OR_2:o1" File: C:/intelFPGA_lite/18.1/Projects/EE224_A2/Gates.vhdl Line: 164
Info (12128): Elaborating entity "XOR_2" for hierarchy "quarter_precision_multiplier:add_instance|multiplier:M1|tenbitadder:m0|Full_Adder:FA1|XOR_2:x1" File: C:/intelFPGA_lite/18.1/Projects/EE224_A2/Gates.vhdl Line: 167
Info (12128): Elaborating entity "mux" for hierarchy "quarter_precision_multiplier:add_instance|mux:M2" File: C:/intelFPGA_lite/18.1/Projects/EE224_A2/quarter_precision_multiplier.vhdl Line: 67
Info (12128): Elaborating entity "fivebitadder" for hierarchy "quarter_precision_multiplier:add_instance|fivebitadder:A1" File: C:/intelFPGA_lite/18.1/Projects/EE224_A2/quarter_precision_multiplier.vhdl Line: 74
Warning (10036): Verilog HDL or VHDL warning at fivebitadder.vhdl(14): object "C5" assigned a value but never read File: C:/intelFPGA_lite/18.1/Projects/EE224_A2/fivebitadder.vhdl Line: 14
Warning (13024): Output pins are stuck at VCC or GND
    Warning (13410): Pin "output_vector[0]" is stuck at GND File: C:/intelFPGA_lite/18.1/Projects/EE224_A2/DUT.vhdl Line: 5
Info (21057): Implemented 96 device resources after synthesis - the final resource count might be different
    Info (21058): Implemented 16 input pins
    Info (21059): Implemented 16 output pins
    Info (21061): Implemented 64 logic cells
Info: Quartus Prime Analysis & Synthesis was successful. 0 errors, 6 warnings
    Info: Peak virtual memory: 4787 megabytes
    Info: Processing ended: Mon Apr 22 22:17:41 2019
    Info: Elapsed time: 00:00:30
    Info: Total CPU time (on all processors): 00:00:44


