Analysis & Synthesis report for digital_project
Mon May 06 19:24:20 2019
Quartus Prime Version 18.1.0 Build 625 09/12/2018 SJ Lite Edition


---------------------
; Table of Contents ;
---------------------
  1. Legal Notice
  2. Analysis & Synthesis Summary
  3. Analysis & Synthesis Settings
  4. Parallel Compilation
  5. Analysis & Synthesis Source Files Read
  6. Analysis & Synthesis Resource Usage Summary
  7. Analysis & Synthesis Resource Utilization by Entity
  8. State Machine - |control_unit|fsm_state
  9. Registers Removed During Synthesis
 10. Removed Registers Triggering Further Register Optimizations
 11. General Register Statistics
 12. Multiplexer Restructuring Statistics (Restructuring Performed)
 13. Analysis & Synthesis Messages



----------------
; Legal Notice ;
----------------
Copyright (C) 2018  Intel Corporation. All rights reserved.
Your use of Intel Corporation's design tools, logic functions 
and other software and tools, and its AMPP partner logic 
functions, and any output files from any of the foregoing 
(including device programming or simulation files), and any 
associated documentation or information are expressly subject 
to the terms and conditions of the Intel Program License 
Subscription Agreement, the Intel Quartus Prime License Agreement,
the Intel FPGA IP License Agreement, or other applicable license
agreement, including, without limitation, that your use is for
the sole purpose of programming logic devices manufactured by
Intel and sold by Intel or its authorized distributors.  Please
refer to the applicable agreement for further details.



+---------------------------------------------------------------------------+
; Analysis & Synthesis Summary                                              ;
+-----------------------------+---------------------------------------------+
; Analysis & Synthesis Status ; Successful - Mon May 06 19:24:20 2019       ;
; Quartus Prime Version       ; 18.1.0 Build 625 09/12/2018 SJ Lite Edition ;
; Revision Name               ; digital_project                             ;
; Top-level Entity Name       ; control_unit                                ;
; Family                      ; MAX V                                       ;
; Total logic elements        ; 0                                           ;
; Total pins                  ; 2                                           ;
; Total virtual pins          ; 0                                           ;
; UFM blocks                  ; 0 / 1 ( 0 % )                               ;
+-----------------------------+---------------------------------------------+


+------------------------------------------------------------------------------------------------------------+
; Analysis & Synthesis Settings                                                                              ;
+------------------------------------------------------------------+--------------------+--------------------+
; Option                                                           ; Setting            ; Default Value      ;
+------------------------------------------------------------------+--------------------+--------------------+
; Device                                                           ; 5M1270ZT144C5      ;                    ;
; Top-level entity name                                            ; control_unit       ; digital_project    ;
; Family name                                                      ; MAX V              ; Cyclone V          ;
; Use smart compilation                                            ; Off                ; Off                ;
; Enable parallel Assembler and Timing Analyzer during compilation ; On                 ; On                 ;
; Enable compact report table                                      ; Off                ; Off                ;
; Restructure Multiplexers                                         ; Auto               ; Auto               ;
; Create Debugging Nodes for IP Cores                              ; Off                ; Off                ;
; Preserve fewer node names                                        ; On                 ; On                 ;
; Intel FPGA IP Evaluation Mode                                    ; Enable             ; Enable             ;
; Verilog Version                                                  ; Verilog_2001       ; Verilog_2001       ;
; VHDL Version                                                     ; VHDL_1993          ; VHDL_1993          ;
; State Machine Processing                                         ; Auto               ; Auto               ;
; Safe State Machine                                               ; Off                ; Off                ;
; Extract Verilog State Machines                                   ; On                 ; On                 ;
; Extract VHDL State Machines                                      ; On                 ; On                 ;
; Ignore Verilog initial constructs                                ; Off                ; Off                ;
; Iteration limit for constant Verilog loops                       ; 5000               ; 5000               ;
; Iteration limit for non-constant Verilog loops                   ; 250                ; 250                ;
; Add Pass-Through Logic to Inferred RAMs                          ; On                 ; On                 ;
; Infer RAMs from Raw Logic                                        ; On                 ; On                 ;
; Parallel Synthesis                                               ; On                 ; On                 ;
; NOT Gate Push-Back                                               ; On                 ; On                 ;
; Power-Up Don't Care                                              ; On                 ; On                 ;
; Remove Redundant Logic Cells                                     ; Off                ; Off                ;
; Remove Duplicate Registers                                       ; On                 ; On                 ;
; Ignore CARRY Buffers                                             ; Off                ; Off                ;
; Ignore CASCADE Buffers                                           ; Off                ; Off                ;
; Ignore GLOBAL Buffers                                            ; Off                ; Off                ;
; Ignore ROW GLOBAL Buffers                                        ; Off                ; Off                ;
; Ignore LCELL Buffers                                             ; Off                ; Off                ;
; Ignore SOFT Buffers                                              ; On                 ; On                 ;
; Limit AHDL Integers to 32 Bits                                   ; Off                ; Off                ;
; Optimization Technique                                           ; Balanced           ; Balanced           ;
; Carry Chain Length                                               ; 70                 ; 70                 ;
; Auto Carry Chains                                                ; On                 ; On                 ;
; Auto Open-Drain Pins                                             ; On                 ; On                 ;
; Perform WYSIWYG Primitive Resynthesis                            ; Off                ; Off                ;
; Auto Shift Register Replacement                                  ; Auto               ; Auto               ;
; Allow Shift Register Merging across Hierarchies                  ; Auto               ; Auto               ;
; Auto Clock Enable Replacement                                    ; On                 ; On                 ;
; Allow Synchronous Control Signals                                ; On                 ; On                 ;
; Force Use of Synchronous Clear Signals                           ; Off                ; Off                ;
; Auto Resource Sharing                                            ; Off                ; Off                ;
; Use LogicLock Constraints during Resource Balancing              ; On                 ; On                 ;
; Ignore translate_off and synthesis_off directives                ; Off                ; Off                ;
; Report Parameter Settings                                        ; On                 ; On                 ;
; Report Source Assignments                                        ; On                 ; On                 ;
; Report Connectivity Checks                                       ; On                 ; On                 ;
; Ignore Maximum Fan-Out Assignments                               ; Off                ; Off                ;
; Synchronization Register Chain Length                            ; 2                  ; 2                  ;
; Power Optimization During Synthesis                              ; Normal compilation ; Normal compilation ;
; HDL message level                                                ; Level2             ; Level2             ;
; Suppress Register Optimization Related Messages                  ; Off                ; Off                ;
; Number of Removed Registers Reported in Synthesis Report         ; 5000               ; 5000               ;
; Number of Swept Nodes Reported in Synthesis Report               ; 5000               ; 5000               ;
; Number of Inverted Registers Reported in Synthesis Report        ; 100                ; 100                ;
; Clock MUX Protection                                             ; On                 ; On                 ;
; Block Design Naming                                              ; Auto               ; Auto               ;
; Synthesis Effort                                                 ; Auto               ; Auto               ;
; Shift Register Replacement - Allow Asynchronous Clear Signal     ; On                 ; On                 ;
; Analysis & Synthesis Message Level                               ; Medium             ; Medium             ;
; Disable Register Merging Across Hierarchies                      ; Auto               ; Auto               ;
+------------------------------------------------------------------+--------------------+--------------------+


+------------------------------------------+
; Parallel Compilation                     ;
+----------------------------+-------------+
; Processors                 ; Number      ;
+----------------------------+-------------+
; Number detected on machine ; 4           ;
; Maximum allowed            ; 2           ;
;                            ;             ;
; Average used               ; 1.00        ;
; Maximum used               ; 1           ;
;                            ;             ;
; Usage by Processor         ; % Time Used ;
;     Processor 1            ; 100.0%      ;
+----------------------------+-------------+


+-----------------------------------------------------------------------------------------------------------------------------------------------------------+
; Analysis & Synthesis Source Files Read                                                                                                                    ;
+----------------------------------+-----------------+-----------------+--------------------------------------------------------------------------+---------+
; File Name with User-Entered Path ; Used in Netlist ; File Type       ; File Name with Absolute Path                                             ; Library ;
+----------------------------------+-----------------+-----------------+--------------------------------------------------------------------------+---------+
; register_file_VHDL.vhdl          ; yes             ; User VHDL File  ; C:/intelFPGA_lite/18.1/Projects/IITB_Proc/register_file_VHDL.vhdl        ;         ;
; control_unit.vhdl                ; yes             ; User VHDL File  ; C:/intelFPGA_lite/18.1/Projects/IITB_Proc/control_unit.vhdl              ;         ;
; Memory_asyncread_syncwrite.vhd   ; yes             ; User VHDL File  ; C:/intelFPGA_lite/18.1/Projects/IITB_Proc/Memory_asyncread_syncwrite.vhd ;         ;
+----------------------------------+-----------------+-----------------+--------------------------------------------------------------------------+---------+


+-----------------------------------------------------+
; Analysis & Synthesis Resource Usage Summary         ;
+---------------------------------------------+-------+
; Resource                                    ; Usage ;
+---------------------------------------------+-------+
; Total logic elements                        ; 0     ;
;     -- Combinational with no register       ; 0     ;
;     -- Register only                        ; 0     ;
;     -- Combinational with a register        ; 0     ;
;                                             ;       ;
; Logic element usage by number of LUT inputs ;       ;
;     -- 4 input functions                    ; 0     ;
;     -- 3 input functions                    ; 0     ;
;     -- 2 input functions                    ; 0     ;
;     -- 1 input functions                    ; 0     ;
;     -- 0 input functions                    ; 0     ;
;                                             ;       ;
; Logic elements by mode                      ;       ;
;     -- normal mode                          ; 0     ;
;     -- arithmetic mode                      ; 0     ;
;     -- qfbk mode                            ; 0     ;
;     -- register cascade mode                ; 0     ;
;     -- synchronous clear/load mode          ; 0     ;
;     -- asynchronous clear/load mode         ; 0     ;
;                                             ;       ;
; Total registers                             ; 0     ;
; I/O pins                                    ; 2     ;
+---------------------------------------------+-------+


+-------------------------------------------------------------------------------------------------------------------------------------------------------------------------------------------------------------------------------------+
; Analysis & Synthesis Resource Utilization by Entity                                                                                                                                                                                 ;
+----------------------------+-------------+--------------+------------+------+--------------+--------------+-------------------+------------------+-----------------+------------+---------------------+--------------+--------------+
; Compilation Hierarchy Node ; Logic Cells ; LC Registers ; UFM Blocks ; Pins ; Virtual Pins ; LUT-Only LCs ; Register-Only LCs ; LUT/Register LCs ; Carry Chain LCs ; Packed LCs ; Full Hierarchy Name ; Entity Name  ; Library Name ;
+----------------------------+-------------+--------------+------------+------+--------------+--------------+-------------------+------------------+-----------------+------------+---------------------+--------------+--------------+
; |control_unit              ; 0 (0)       ; 0            ; 0          ; 2    ; 0            ; 0 (0)        ; 0 (0)             ; 0 (0)            ; 0 (0)           ; 0 (0)      ; |control_unit       ; control_unit ; work         ;
+----------------------------+-------------+--------------+------------+------+--------------+--------------+-------------------+------------------+-----------------+------------+---------------------+--------------+--------------+
Note: For table entries with two numbers listed, the numbers in parentheses indicate the number of resources of the given type used by the specific entity alone. The numbers listed outside of parentheses indicate the total resources of the given type used by the specific entity and all of its sub-entities in the hierarchy.


Encoding Type:  One-Hot
+---------------------------------------------------------------------------------------------------------------------------------------------------------------------------------------------------------------------------------------------------------------------------------------------------------------------------------------------------------------------------------------------------------+
; State Machine - |control_unit|fsm_state                                                                                                                                                                                                                                                                                                                                                                 ;
+-----------------+---------------+---------------+---------------+---------------+---------------+---------------+---------------+---------------+---------------+---------------+---------------+---------------+--------------+--------------+--------------+--------------+--------------+--------------+--------------+--------------+--------------+---------------+-----------------+--------------+
; Name            ; fsm_state.s21 ; fsm_state.s20 ; fsm_state.s19 ; fsm_state.s18 ; fsm_state.s17 ; fsm_state.s16 ; fsm_state.s15 ; fsm_state.s14 ; fsm_state.s13 ; fsm_state.s12 ; fsm_state.s11 ; fsm_state.s10 ; fsm_state.s9 ; fsm_state.s8 ; fsm_state.s7 ; fsm_state.s6 ; fsm_state.s5 ; fsm_state.s4 ; fsm_state.s3 ; fsm_state.s2 ; fsm_state.s1 ; fsm_state.s01 ; fsm_state.reset ; fsm_state.s0 ;
+-----------------+---------------+---------------+---------------+---------------+---------------+---------------+---------------+---------------+---------------+---------------+---------------+---------------+--------------+--------------+--------------+--------------+--------------+--------------+--------------+--------------+--------------+---------------+-----------------+--------------+
; fsm_state.s0    ; 0             ; 0             ; 0             ; 0             ; 0             ; 0             ; 0             ; 0             ; 0             ; 0             ; 0             ; 0             ; 0            ; 0            ; 0            ; 0            ; 0            ; 0            ; 0            ; 0            ; 0            ; 0             ; 0               ; 0            ;
; fsm_state.reset ; 0             ; 0             ; 0             ; 0             ; 0             ; 0             ; 0             ; 0             ; 0             ; 0             ; 0             ; 0             ; 0            ; 0            ; 0            ; 0            ; 0            ; 0            ; 0            ; 0            ; 0            ; 0             ; 1               ; 1            ;
; fsm_state.s01   ; 0             ; 0             ; 0             ; 0             ; 0             ; 0             ; 0             ; 0             ; 0             ; 0             ; 0             ; 0             ; 0            ; 0            ; 0            ; 0            ; 0            ; 0            ; 0            ; 0            ; 0            ; 1             ; 0               ; 1            ;
; fsm_state.s1    ; 0             ; 0             ; 0             ; 0             ; 0             ; 0             ; 0             ; 0             ; 0             ; 0             ; 0             ; 0             ; 0            ; 0            ; 0            ; 0            ; 0            ; 0            ; 0            ; 0            ; 1            ; 0             ; 0               ; 1            ;
; fsm_state.s2    ; 0             ; 0             ; 0             ; 0             ; 0             ; 0             ; 0             ; 0             ; 0             ; 0             ; 0             ; 0             ; 0            ; 0            ; 0            ; 0            ; 0            ; 0            ; 0            ; 1            ; 0            ; 0             ; 0               ; 1            ;
; fsm_state.s3    ; 0             ; 0             ; 0             ; 0             ; 0             ; 0             ; 0             ; 0             ; 0             ; 0             ; 0             ; 0             ; 0            ; 0            ; 0            ; 0            ; 0            ; 0            ; 1            ; 0            ; 0            ; 0             ; 0               ; 1            ;
; fsm_state.s4    ; 0             ; 0             ; 0             ; 0             ; 0             ; 0             ; 0             ; 0             ; 0             ; 0             ; 0             ; 0             ; 0            ; 0            ; 0            ; 0            ; 0            ; 1            ; 0            ; 0            ; 0            ; 0             ; 0               ; 1            ;
; fsm_state.s5    ; 0             ; 0             ; 0             ; 0             ; 0             ; 0             ; 0             ; 0             ; 0             ; 0             ; 0             ; 0             ; 0            ; 0            ; 0            ; 0            ; 1            ; 0            ; 0            ; 0            ; 0            ; 0             ; 0               ; 1            ;
; fsm_state.s6    ; 0             ; 0             ; 0             ; 0             ; 0             ; 0             ; 0             ; 0             ; 0             ; 0             ; 0             ; 0             ; 0            ; 0            ; 0            ; 1            ; 0            ; 0            ; 0            ; 0            ; 0            ; 0             ; 0               ; 1            ;
; fsm_state.s7    ; 0             ; 0             ; 0             ; 0             ; 0             ; 0             ; 0             ; 0             ; 0             ; 0             ; 0             ; 0             ; 0            ; 0            ; 1            ; 0            ; 0            ; 0            ; 0            ; 0            ; 0            ; 0             ; 0               ; 1            ;
; fsm_state.s8    ; 0             ; 0             ; 0             ; 0             ; 0             ; 0             ; 0             ; 0             ; 0             ; 0             ; 0             ; 0             ; 0            ; 1            ; 0            ; 0            ; 0            ; 0            ; 0            ; 0            ; 0            ; 0             ; 0               ; 1            ;
; fsm_state.s9    ; 0             ; 0             ; 0             ; 0             ; 0             ; 0             ; 0             ; 0             ; 0             ; 0             ; 0             ; 0             ; 1            ; 0            ; 0            ; 0            ; 0            ; 0            ; 0            ; 0            ; 0            ; 0             ; 0               ; 1            ;
; fsm_state.s10   ; 0             ; 0             ; 0             ; 0             ; 0             ; 0             ; 0             ; 0             ; 0             ; 0             ; 0             ; 1             ; 0            ; 0            ; 0            ; 0            ; 0            ; 0            ; 0            ; 0            ; 0            ; 0             ; 0               ; 1            ;
; fsm_state.s11   ; 0             ; 0             ; 0             ; 0             ; 0             ; 0             ; 0             ; 0             ; 0             ; 0             ; 1             ; 0             ; 0            ; 0            ; 0            ; 0            ; 0            ; 0            ; 0            ; 0            ; 0            ; 0             ; 0               ; 1            ;
; fsm_state.s12   ; 0             ; 0             ; 0             ; 0             ; 0             ; 0             ; 0             ; 0             ; 0             ; 1             ; 0             ; 0             ; 0            ; 0            ; 0            ; 0            ; 0            ; 0            ; 0            ; 0            ; 0            ; 0             ; 0               ; 1            ;
; fsm_state.s13   ; 0             ; 0             ; 0             ; 0             ; 0             ; 0             ; 0             ; 0             ; 1             ; 0             ; 0             ; 0             ; 0            ; 0            ; 0            ; 0            ; 0            ; 0            ; 0            ; 0            ; 0            ; 0             ; 0               ; 1            ;
; fsm_state.s14   ; 0             ; 0             ; 0             ; 0             ; 0             ; 0             ; 0             ; 1             ; 0             ; 0             ; 0             ; 0             ; 0            ; 0            ; 0            ; 0            ; 0            ; 0            ; 0            ; 0            ; 0            ; 0             ; 0               ; 1            ;
; fsm_state.s15   ; 0             ; 0             ; 0             ; 0             ; 0             ; 0             ; 1             ; 0             ; 0             ; 0             ; 0             ; 0             ; 0            ; 0            ; 0            ; 0            ; 0            ; 0            ; 0            ; 0            ; 0            ; 0             ; 0               ; 1            ;
; fsm_state.s16   ; 0             ; 0             ; 0             ; 0             ; 0             ; 1             ; 0             ; 0             ; 0             ; 0             ; 0             ; 0             ; 0            ; 0            ; 0            ; 0            ; 0            ; 0            ; 0            ; 0            ; 0            ; 0             ; 0               ; 1            ;
; fsm_state.s17   ; 0             ; 0             ; 0             ; 0             ; 1             ; 0             ; 0             ; 0             ; 0             ; 0             ; 0             ; 0             ; 0            ; 0            ; 0            ; 0            ; 0            ; 0            ; 0            ; 0            ; 0            ; 0             ; 0               ; 1            ;
; fsm_state.s18   ; 0             ; 0             ; 0             ; 1             ; 0             ; 0             ; 0             ; 0             ; 0             ; 0             ; 0             ; 0             ; 0            ; 0            ; 0            ; 0            ; 0            ; 0            ; 0            ; 0            ; 0            ; 0             ; 0               ; 1            ;
; fsm_state.s19   ; 0             ; 0             ; 1             ; 0             ; 0             ; 0             ; 0             ; 0             ; 0             ; 0             ; 0             ; 0             ; 0            ; 0            ; 0            ; 0            ; 0            ; 0            ; 0            ; 0            ; 0            ; 0             ; 0               ; 1            ;
; fsm_state.s20   ; 0             ; 1             ; 0             ; 0             ; 0             ; 0             ; 0             ; 0             ; 0             ; 0             ; 0             ; 0             ; 0            ; 0            ; 0            ; 0            ; 0            ; 0            ; 0            ; 0            ; 0            ; 0             ; 0               ; 1            ;
; fsm_state.s21   ; 1             ; 0             ; 0             ; 0             ; 0             ; 0             ; 0             ; 0             ; 0             ; 0             ; 0             ; 0             ; 0            ; 0            ; 0            ; 0            ; 0            ; 0            ; 0            ; 0            ; 0            ; 0             ; 0               ; 1            ;
+-----------------+---------------+---------------+---------------+---------------+---------------+---------------+---------------+---------------+---------------+---------------+---------------+---------------+--------------+--------------+--------------+--------------+--------------+--------------+--------------+--------------+--------------+---------------+-----------------+--------------+


+--------------------------------------------------------------+
; Registers Removed During Synthesis                           ;
+-----------------------------------------+--------------------+
; Register name                           ; Reason for Removal ;
+-----------------------------------------+--------------------+
; fsm_state.reset                         ; Lost fanout        ;
; IR[0,1,12..15]                          ; Lost fanout        ;
; Temp3[3..15]                            ; Lost fanout        ;
; Temp1[0..15]                            ; Lost fanout        ;
; Temp2[0..15]                            ; Lost fanout        ;
; Temp3[0..2]                             ; Lost fanout        ;
; IR[2..5]                                ; Lost fanout        ;
; PC[0..15]                               ; Lost fanout        ;
; IR[6..11]                               ; Lost fanout        ;
; fsm_state.s0                            ; Lost fanout        ;
; fsm_state.s01                           ; Lost fanout        ;
; fsm_state.s1                            ; Lost fanout        ;
; fsm_state.s2                            ; Lost fanout        ;
; fsm_state.s3                            ; Lost fanout        ;
; fsm_state.s4                            ; Lost fanout        ;
; fsm_state.s5                            ; Lost fanout        ;
; fsm_state.s6                            ; Lost fanout        ;
; fsm_state.s7                            ; Lost fanout        ;
; fsm_state.s8                            ; Lost fanout        ;
; fsm_state.s9                            ; Lost fanout        ;
; fsm_state.s10                           ; Lost fanout        ;
; fsm_state.s11                           ; Lost fanout        ;
; fsm_state.s12                           ; Lost fanout        ;
; fsm_state.s13                           ; Lost fanout        ;
; fsm_state.s14                           ; Lost fanout        ;
; fsm_state.s15                           ; Lost fanout        ;
; fsm_state.s16                           ; Lost fanout        ;
; fsm_state.s17                           ; Lost fanout        ;
; fsm_state.s18                           ; Lost fanout        ;
; fsm_state.s19                           ; Lost fanout        ;
; fsm_state.s20                           ; Lost fanout        ;
; fsm_state.s21                           ; Lost fanout        ;
; Total Number of Removed Registers = 104 ;                    ;
+-----------------------------------------+--------------------+


+--------------------------------------------------------------------------------------------------------------------------------------+
; Removed Registers Triggering Further Register Optimizations                                                                          ;
+---------------+--------------------+-------------------------------------------------------------------------------------------------+
; Register name ; Reason for Removal ; Registers Removed due to This Register                                                          ;
+---------------+--------------------+-------------------------------------------------------------------------------------------------+
; IR[14]        ; Lost Fanouts       ; Temp1[0], Temp2[0], PC[0], PC[1], PC[2], PC[3], PC[4], PC[6], fsm_state.s0, fsm_state.s3,       ;
;               ;                    ; fsm_state.s4, fsm_state.s6, fsm_state.s8, fsm_state.s10, fsm_state.s12, fsm_state.s14,          ;
;               ;                    ; fsm_state.s15, fsm_state.s19, fsm_state.s20, fsm_state.s21                                      ;
; Temp1[15]     ; Lost Fanouts       ; Temp2[15], IR[5], PC[5], fsm_state.s1, fsm_state.s2, fsm_state.s5, fsm_state.s7, fsm_state.s13, ;
;               ;                    ; fsm_state.s16                                                                                   ;
; Temp3[15]     ; Lost Fanouts       ; fsm_state.s9, fsm_state.s11, fsm_state.s18                                                      ;
; Temp1[4]      ; Lost Fanouts       ; Temp2[4], IR[4]                                                                                 ;
; Temp1[3]      ; Lost Fanouts       ; Temp2[3], IR[3]                                                                                 ;
; Temp1[2]      ; Lost Fanouts       ; Temp2[2], IR[2]                                                                                 ;
; Temp1[14]     ; Lost Fanouts       ; Temp2[14]                                                                                       ;
; Temp1[13]     ; Lost Fanouts       ; Temp2[13]                                                                                       ;
; Temp1[12]     ; Lost Fanouts       ; Temp2[12]                                                                                       ;
; Temp1[11]     ; Lost Fanouts       ; Temp2[11]                                                                                       ;
; Temp1[10]     ; Lost Fanouts       ; Temp2[10]                                                                                       ;
; Temp1[9]      ; Lost Fanouts       ; Temp2[9]                                                                                        ;
; Temp1[8]      ; Lost Fanouts       ; Temp2[8]                                                                                        ;
; Temp1[7]      ; Lost Fanouts       ; Temp2[7]                                                                                        ;
; Temp1[6]      ; Lost Fanouts       ; Temp2[6]                                                                                        ;
; Temp1[5]      ; Lost Fanouts       ; Temp2[5]                                                                                        ;
; Temp1[1]      ; Lost Fanouts       ; Temp2[1]                                                                                        ;
+---------------+--------------------+-------------------------------------------------------------------------------------------------+


+------------------------------------------------------+
; General Register Statistics                          ;
+----------------------------------------------+-------+
; Statistic                                    ; Value ;
+----------------------------------------------+-------+
; Total registers                              ; 0     ;
; Number of registers using Synchronous Clear  ; 0     ;
; Number of registers using Synchronous Load   ; 0     ;
; Number of registers using Asynchronous Clear ; 0     ;
; Number of registers using Asynchronous Load  ; 0     ;
; Number of registers using Clock Enable       ; 0     ;
; Number of registers using Preset             ; 0     ;
+----------------------------------------------+-------+


+------------------------------------------------------------------------------------------------------------------------------------------+
; Multiplexer Restructuring Statistics (Restructuring Performed)                                                                           ;
+--------------------+-----------+---------------+----------------------+------------------------+------------+----------------------------+
; Multiplexer Inputs ; Bus Width ; Baseline Area ; Area if Restructured ; Saving if Restructured ; Registered ; Example Multiplexer Output ;
+--------------------+-----------+---------------+----------------------+------------------------+------------+----------------------------+
; 4:1                ; 16 bits   ; 32 LEs        ; 16 LEs               ; 16 LEs                 ; Yes        ; |control_unit|Temp3[7]     ;
; 7:1                ; 16 bits   ; 64 LEs        ; 32 LEs               ; 32 LEs                 ; Yes        ; |control_unit|PC[9]        ;
; 18:1               ; 16 bits   ; 192 LEs       ; 16 LEs               ; 176 LEs                ; Yes        ; |control_unit|Temp2[11]    ;
; 24:1               ; 16 bits   ; 256 LEs       ; 64 LEs               ; 192 LEs                ; Yes        ; |control_unit|Temp1[1]     ;
; 4:1                ; 7 bits    ; 14 LEs        ; 14 LEs               ; 0 LEs                  ; No         ; |control_unit|Selector90   ;
; 4:1                ; 9 bits    ; 18 LEs        ; 18 LEs               ; 0 LEs                  ; No         ; |control_unit|Selector104  ;
; 4:1                ; 3 bits    ; 6 LEs         ; 6 LEs                ; 0 LEs                  ; No         ; |control_unit|Selector105  ;
; 15:1               ; 2 bits    ; 20 LEs        ; 6 LEs                ; 14 LEs                 ; No         ; |control_unit|fsm_state    ;
; 15:1               ; 2 bits    ; 20 LEs        ; 6 LEs                ; 14 LEs                 ; No         ; |control_unit|fsm_state    ;
; 18:1               ; 2 bits    ; 24 LEs        ; 6 LEs                ; 18 LEs                 ; No         ; |control_unit|fsm_state    ;
+--------------------+-----------+---------------+----------------------+------------------------+------------+----------------------------+


+-------------------------------+
; Analysis & Synthesis Messages ;
+-------------------------------+
Info: *******************************************************************
Info: Running Quartus Prime Analysis & Synthesis
    Info: Version 18.1.0 Build 625 09/12/2018 SJ Lite Edition
    Info: Processing started: Mon May 06 19:23:59 2019
Info: Command: quartus_map --read_settings_files=on --write_settings_files=off digital_project -c digital_project
Warning (18236): Number of processors has not been specified which may cause overloading on shared machines.  Set the global assignment NUM_PARALLEL_PROCESSORS in your QSF to an appropriate value for best performance.
Info (20030): Parallel compilation is enabled and will use 2 of the 2 processors detected
Info (12021): Found 2 design units, including 1 entities, in source file register_file_vhdl.vhdl
    Info (12022): Found design unit 1: register_file_VHDL-Behavioral File: C:/intelFPGA_lite/18.1/Projects/IITB_Proc/register_file_VHDL.vhdl Line: 22
    Info (12023): Found entity 1: register_file_VHDL File: C:/intelFPGA_lite/18.1/Projects/IITB_Proc/register_file_VHDL.vhdl Line: 9
Info (12021): Found 2 design units, including 1 entities, in source file control_unit.vhdl
    Info (12022): Found design unit 1: control_unit-Behave File: C:/intelFPGA_lite/18.1/Projects/IITB_Proc/control_unit.vhdl Line: 12
    Info (12023): Found entity 1: control_unit File: C:/intelFPGA_lite/18.1/Projects/IITB_Proc/control_unit.vhdl Line: 5
Info (12021): Found 2 design units, including 1 entities, in source file memory_asyncread_syncwrite.vhd
    Info (12022): Found design unit 1: Memory_asyncread_syncwrite-Form File: C:/intelFPGA_lite/18.1/Projects/IITB_Proc/Memory_asyncread_syncwrite.vhd Line: 18
    Info (12023): Found entity 1: Memory_asyncread_syncwrite File: C:/intelFPGA_lite/18.1/Projects/IITB_Proc/Memory_asyncread_syncwrite.vhd Line: 13
Info (12127): Elaborating entity "control_unit" for the top level hierarchy
Warning (10812): VHDL warning at control_unit.vhdl(69): sensitivity list already contains Carry File: C:/intelFPGA_lite/18.1/Projects/IITB_Proc/control_unit.vhdl Line: 69
Warning (10812): VHDL warning at control_unit.vhdl(69): sensitivity list already contains Zero File: C:/intelFPGA_lite/18.1/Projects/IITB_Proc/control_unit.vhdl Line: 69
Warning (10492): VHDL Process Statement warning at control_unit.vhdl(114): signal "mem_data" is read inside the Process Statement but isn't in the Process Statement's sensitivity list File: C:/intelFPGA_lite/18.1/Projects/IITB_Proc/control_unit.vhdl Line: 114
Warning (10492): VHDL Process Statement warning at control_unit.vhdl(119): signal "opcode" is read inside the Process Statement but isn't in the Process Statement's sensitivity list File: C:/intelFPGA_lite/18.1/Projects/IITB_Proc/control_unit.vhdl Line: 119
Warning (10492): VHDL Process Statement warning at control_unit.vhdl(136): signal "opcode" is read inside the Process Statement but isn't in the Process Statement's sensitivity list File: C:/intelFPGA_lite/18.1/Projects/IITB_Proc/control_unit.vhdl Line: 136
Warning (10492): VHDL Process Statement warning at control_unit.vhdl(139): signal "D1_reg" is read inside the Process Statement but isn't in the Process Statement's sensitivity list File: C:/intelFPGA_lite/18.1/Projects/IITB_Proc/control_unit.vhdl Line: 139
Warning (10492): VHDL Process Statement warning at control_unit.vhdl(140): signal "D2_reg" is read inside the Process Statement but isn't in the Process Statement's sensitivity list File: C:/intelFPGA_lite/18.1/Projects/IITB_Proc/control_unit.vhdl Line: 140
Warning (10492): VHDL Process Statement warning at control_unit.vhdl(143): signal "D1_reg" is read inside the Process Statement but isn't in the Process Statement's sensitivity list File: C:/intelFPGA_lite/18.1/Projects/IITB_Proc/control_unit.vhdl Line: 143
Warning (10492): VHDL Process Statement warning at control_unit.vhdl(144): signal "D2_reg" is read inside the Process Statement but isn't in the Process Statement's sensitivity list File: C:/intelFPGA_lite/18.1/Projects/IITB_Proc/control_unit.vhdl Line: 144
Warning (10492): VHDL Process Statement warning at control_unit.vhdl(147): signal "D1_reg" is read inside the Process Statement but isn't in the Process Statement's sensitivity list File: C:/intelFPGA_lite/18.1/Projects/IITB_Proc/control_unit.vhdl Line: 147
Warning (10492): VHDL Process Statement warning at control_unit.vhdl(148): signal "D2_reg" is read inside the Process Statement but isn't in the Process Statement's sensitivity list File: C:/intelFPGA_lite/18.1/Projects/IITB_Proc/control_unit.vhdl Line: 148
Warning (10492): VHDL Process Statement warning at control_unit.vhdl(161): signal "opcode" is read inside the Process Statement but isn't in the Process Statement's sensitivity list File: C:/intelFPGA_lite/18.1/Projects/IITB_Proc/control_unit.vhdl Line: 161
Warning (10492): VHDL Process Statement warning at control_unit.vhdl(190): signal "D1_reg" is read inside the Process Statement but isn't in the Process Statement's sensitivity list File: C:/intelFPGA_lite/18.1/Projects/IITB_Proc/control_unit.vhdl Line: 190
Warning (10492): VHDL Process Statement warning at control_unit.vhdl(230): signal "D1_reg" is read inside the Process Statement but isn't in the Process Statement's sensitivity list File: C:/intelFPGA_lite/18.1/Projects/IITB_Proc/control_unit.vhdl Line: 230
Warning (10492): VHDL Process Statement warning at control_unit.vhdl(232): signal "opcode" is read inside the Process Statement but isn't in the Process Statement's sensitivity list File: C:/intelFPGA_lite/18.1/Projects/IITB_Proc/control_unit.vhdl Line: 232
Warning (10492): VHDL Process Statement warning at control_unit.vhdl(242): signal "mem_data" is read inside the Process Statement but isn't in the Process Statement's sensitivity list File: C:/intelFPGA_lite/18.1/Projects/IITB_Proc/control_unit.vhdl Line: 242
Warning (10492): VHDL Process Statement warning at control_unit.vhdl(265): signal "D1_reg" is read inside the Process Statement but isn't in the Process Statement's sensitivity list File: C:/intelFPGA_lite/18.1/Projects/IITB_Proc/control_unit.vhdl Line: 265
Warning (10492): VHDL Process Statement warning at control_unit.vhdl(292): signal "D2_reg" is read inside the Process Statement but isn't in the Process Statement's sensitivity list File: C:/intelFPGA_lite/18.1/Projects/IITB_Proc/control_unit.vhdl Line: 292
Warning (10492): VHDL Process Statement warning at control_unit.vhdl(303): signal "mem_data" is read inside the Process Statement but isn't in the Process Statement's sensitivity list File: C:/intelFPGA_lite/18.1/Projects/IITB_Proc/control_unit.vhdl Line: 303
Warning (10492): VHDL Process Statement warning at control_unit.vhdl(310): signal "D1_reg" is read inside the Process Statement but isn't in the Process Statement's sensitivity list File: C:/intelFPGA_lite/18.1/Projects/IITB_Proc/control_unit.vhdl Line: 310
Warning (10492): VHDL Process Statement warning at control_unit.vhdl(325): signal "D2_reg" is read inside the Process Statement but isn't in the Process Statement's sensitivity list File: C:/intelFPGA_lite/18.1/Projects/IITB_Proc/control_unit.vhdl Line: 325
Warning (10631): VHDL Process Statement warning at control_unit.vhdl(69): inferring latch(es) for signal or variable "mem_address", which holds its previous value in one or more paths through the process File: C:/intelFPGA_lite/18.1/Projects/IITB_Proc/control_unit.vhdl Line: 69
Warning (10631): VHDL Process Statement warning at control_unit.vhdl(69): inferring latch(es) for signal or variable "treg_wen", which holds its previous value in one or more paths through the process File: C:/intelFPGA_lite/18.1/Projects/IITB_Proc/control_unit.vhdl Line: 69
Warning (10631): VHDL Process Statement warning at control_unit.vhdl(69): inferring latch(es) for signal or variable "tmem_wrbar", which holds its previous value in one or more paths through the process File: C:/intelFPGA_lite/18.1/Projects/IITB_Proc/control_unit.vhdl Line: 69
Warning (10631): VHDL Process Statement warning at control_unit.vhdl(69): inferring latch(es) for signal or variable "A1_reg", which holds its previous value in one or more paths through the process File: C:/intelFPGA_lite/18.1/Projects/IITB_Proc/control_unit.vhdl Line: 69
Warning (10631): VHDL Process Statement warning at control_unit.vhdl(69): inferring latch(es) for signal or variable "A2_reg", which holds its previous value in one or more paths through the process File: C:/intelFPGA_lite/18.1/Projects/IITB_Proc/control_unit.vhdl Line: 69
Warning (10631): VHDL Process Statement warning at control_unit.vhdl(69): inferring latch(es) for signal or variable "Zero", which holds its previous value in one or more paths through the process File: C:/intelFPGA_lite/18.1/Projects/IITB_Proc/control_unit.vhdl Line: 69
Warning (10631): VHDL Process Statement warning at control_unit.vhdl(69): inferring latch(es) for signal or variable "Carry", which holds its previous value in one or more paths through the process File: C:/intelFPGA_lite/18.1/Projects/IITB_Proc/control_unit.vhdl Line: 69
Warning (10631): VHDL Process Statement warning at control_unit.vhdl(69): inferring latch(es) for signal or variable "A3_reg", which holds its previous value in one or more paths through the process File: C:/intelFPGA_lite/18.1/Projects/IITB_Proc/control_unit.vhdl Line: 69
Warning (10631): VHDL Process Statement warning at control_unit.vhdl(69): inferring latch(es) for signal or variable "D3_reg", which holds its previous value in one or more paths through the process File: C:/intelFPGA_lite/18.1/Projects/IITB_Proc/control_unit.vhdl Line: 69
Warning (10631): VHDL Process Statement warning at control_unit.vhdl(69): inferring latch(es) for signal or variable "Din_memory", which holds its previous value in one or more paths through the process File: C:/intelFPGA_lite/18.1/Projects/IITB_Proc/control_unit.vhdl Line: 69
Info (10041): Inferred latch for "Din_memory[0]" at control_unit.vhdl(69) File: C:/intelFPGA_lite/18.1/Projects/IITB_Proc/control_unit.vhdl Line: 69
Info (10041): Inferred latch for "Din_memory[1]" at control_unit.vhdl(69) File: C:/intelFPGA_lite/18.1/Projects/IITB_Proc/control_unit.vhdl Line: 69
Info (10041): Inferred latch for "Din_memory[2]" at control_unit.vhdl(69) File: C:/intelFPGA_lite/18.1/Projects/IITB_Proc/control_unit.vhdl Line: 69
Info (10041): Inferred latch for "Din_memory[3]" at control_unit.vhdl(69) File: C:/intelFPGA_lite/18.1/Projects/IITB_Proc/control_unit.vhdl Line: 69
Info (10041): Inferred latch for "Din_memory[4]" at control_unit.vhdl(69) File: C:/intelFPGA_lite/18.1/Projects/IITB_Proc/control_unit.vhdl Line: 69
Info (10041): Inferred latch for "Din_memory[5]" at control_unit.vhdl(69) File: C:/intelFPGA_lite/18.1/Projects/IITB_Proc/control_unit.vhdl Line: 69
Info (10041): Inferred latch for "Din_memory[6]" at control_unit.vhdl(69) File: C:/intelFPGA_lite/18.1/Projects/IITB_Proc/control_unit.vhdl Line: 69
Info (10041): Inferred latch for "Din_memory[7]" at control_unit.vhdl(69) File: C:/intelFPGA_lite/18.1/Projects/IITB_Proc/control_unit.vhdl Line: 69
Info (10041): Inferred latch for "Din_memory[8]" at control_unit.vhdl(69) File: C:/intelFPGA_lite/18.1/Projects/IITB_Proc/control_unit.vhdl Line: 69
Info (10041): Inferred latch for "Din_memory[9]" at control_unit.vhdl(69) File: C:/intelFPGA_lite/18.1/Projects/IITB_Proc/control_unit.vhdl Line: 69
Info (10041): Inferred latch for "Din_memory[10]" at control_unit.vhdl(69) File: C:/intelFPGA_lite/18.1/Projects/IITB_Proc/control_unit.vhdl Line: 69
Info (10041): Inferred latch for "Din_memory[11]" at control_unit.vhdl(69) File: C:/intelFPGA_lite/18.1/Projects/IITB_Proc/control_unit.vhdl Line: 69
Info (10041): Inferred latch for "Din_memory[12]" at control_unit.vhdl(69) File: C:/intelFPGA_lite/18.1/Projects/IITB_Proc/control_unit.vhdl Line: 69
Info (10041): Inferred latch for "Din_memory[13]" at control_unit.vhdl(69) File: C:/intelFPGA_lite/18.1/Projects/IITB_Proc/control_unit.vhdl Line: 69
Info (10041): Inferred latch for "Din_memory[14]" at control_unit.vhdl(69) File: C:/intelFPGA_lite/18.1/Projects/IITB_Proc/control_unit.vhdl Line: 69
Info (10041): Inferred latch for "Din_memory[15]" at control_unit.vhdl(69) File: C:/intelFPGA_lite/18.1/Projects/IITB_Proc/control_unit.vhdl Line: 69
Info (10041): Inferred latch for "D3_reg[0]" at control_unit.vhdl(69) File: C:/intelFPGA_lite/18.1/Projects/IITB_Proc/control_unit.vhdl Line: 69
Info (10041): Inferred latch for "D3_reg[1]" at control_unit.vhdl(69) File: C:/intelFPGA_lite/18.1/Projects/IITB_Proc/control_unit.vhdl Line: 69
Info (10041): Inferred latch for "D3_reg[2]" at control_unit.vhdl(69) File: C:/intelFPGA_lite/18.1/Projects/IITB_Proc/control_unit.vhdl Line: 69
Info (10041): Inferred latch for "D3_reg[3]" at control_unit.vhdl(69) File: C:/intelFPGA_lite/18.1/Projects/IITB_Proc/control_unit.vhdl Line: 69
Info (10041): Inferred latch for "D3_reg[4]" at control_unit.vhdl(69) File: C:/intelFPGA_lite/18.1/Projects/IITB_Proc/control_unit.vhdl Line: 69
Info (10041): Inferred latch for "D3_reg[5]" at control_unit.vhdl(69) File: C:/intelFPGA_lite/18.1/Projects/IITB_Proc/control_unit.vhdl Line: 69
Info (10041): Inferred latch for "D3_reg[6]" at control_unit.vhdl(69) File: C:/intelFPGA_lite/18.1/Projects/IITB_Proc/control_unit.vhdl Line: 69
Info (10041): Inferred latch for "D3_reg[7]" at control_unit.vhdl(69) File: C:/intelFPGA_lite/18.1/Projects/IITB_Proc/control_unit.vhdl Line: 69
Info (10041): Inferred latch for "D3_reg[8]" at control_unit.vhdl(69) File: C:/intelFPGA_lite/18.1/Projects/IITB_Proc/control_unit.vhdl Line: 69
Info (10041): Inferred latch for "D3_reg[9]" at control_unit.vhdl(69) File: C:/intelFPGA_lite/18.1/Projects/IITB_Proc/control_unit.vhdl Line: 69
Info (10041): Inferred latch for "D3_reg[10]" at control_unit.vhdl(69) File: C:/intelFPGA_lite/18.1/Projects/IITB_Proc/control_unit.vhdl Line: 69
Info (10041): Inferred latch for "D3_reg[11]" at control_unit.vhdl(69) File: C:/intelFPGA_lite/18.1/Projects/IITB_Proc/control_unit.vhdl Line: 69
Info (10041): Inferred latch for "D3_reg[12]" at control_unit.vhdl(69) File: C:/intelFPGA_lite/18.1/Projects/IITB_Proc/control_unit.vhdl Line: 69
Info (10041): Inferred latch for "D3_reg[13]" at control_unit.vhdl(69) File: C:/intelFPGA_lite/18.1/Projects/IITB_Proc/control_unit.vhdl Line: 69
Info (10041): Inferred latch for "D3_reg[14]" at control_unit.vhdl(69) File: C:/intelFPGA_lite/18.1/Projects/IITB_Proc/control_unit.vhdl Line: 69
Info (10041): Inferred latch for "D3_reg[15]" at control_unit.vhdl(69) File: C:/intelFPGA_lite/18.1/Projects/IITB_Proc/control_unit.vhdl Line: 69
Info (10041): Inferred latch for "A3_reg[0]" at control_unit.vhdl(69) File: C:/intelFPGA_lite/18.1/Projects/IITB_Proc/control_unit.vhdl Line: 69
Info (10041): Inferred latch for "A3_reg[1]" at control_unit.vhdl(69) File: C:/intelFPGA_lite/18.1/Projects/IITB_Proc/control_unit.vhdl Line: 69
Info (10041): Inferred latch for "A3_reg[2]" at control_unit.vhdl(69) File: C:/intelFPGA_lite/18.1/Projects/IITB_Proc/control_unit.vhdl Line: 69
Info (10041): Inferred latch for "Carry" at control_unit.vhdl(69) File: C:/intelFPGA_lite/18.1/Projects/IITB_Proc/control_unit.vhdl Line: 69
Info (10041): Inferred latch for "Zero" at control_unit.vhdl(69) File: C:/intelFPGA_lite/18.1/Projects/IITB_Proc/control_unit.vhdl Line: 69
Info (10041): Inferred latch for "A2_reg[0]" at control_unit.vhdl(69) File: C:/intelFPGA_lite/18.1/Projects/IITB_Proc/control_unit.vhdl Line: 69
Info (10041): Inferred latch for "A2_reg[1]" at control_unit.vhdl(69) File: C:/intelFPGA_lite/18.1/Projects/IITB_Proc/control_unit.vhdl Line: 69
Info (10041): Inferred latch for "A2_reg[2]" at control_unit.vhdl(69) File: C:/intelFPGA_lite/18.1/Projects/IITB_Proc/control_unit.vhdl Line: 69
Info (10041): Inferred latch for "A1_reg[0]" at control_unit.vhdl(69) File: C:/intelFPGA_lite/18.1/Projects/IITB_Proc/control_unit.vhdl Line: 69
Info (10041): Inferred latch for "A1_reg[1]" at control_unit.vhdl(69) File: C:/intelFPGA_lite/18.1/Projects/IITB_Proc/control_unit.vhdl Line: 69
Info (10041): Inferred latch for "A1_reg[2]" at control_unit.vhdl(69) File: C:/intelFPGA_lite/18.1/Projects/IITB_Proc/control_unit.vhdl Line: 69
Info (10041): Inferred latch for "tmem_wrbar" at control_unit.vhdl(69) File: C:/intelFPGA_lite/18.1/Projects/IITB_Proc/control_unit.vhdl Line: 69
Info (10041): Inferred latch for "treg_wen" at control_unit.vhdl(69) File: C:/intelFPGA_lite/18.1/Projects/IITB_Proc/control_unit.vhdl Line: 69
Info (10041): Inferred latch for "mem_address[0]" at control_unit.vhdl(69) File: C:/intelFPGA_lite/18.1/Projects/IITB_Proc/control_unit.vhdl Line: 69
Info (10041): Inferred latch for "mem_address[1]" at control_unit.vhdl(69) File: C:/intelFPGA_lite/18.1/Projects/IITB_Proc/control_unit.vhdl Line: 69
Info (10041): Inferred latch for "mem_address[2]" at control_unit.vhdl(69) File: C:/intelFPGA_lite/18.1/Projects/IITB_Proc/control_unit.vhdl Line: 69
Info (10041): Inferred latch for "mem_address[3]" at control_unit.vhdl(69) File: C:/intelFPGA_lite/18.1/Projects/IITB_Proc/control_unit.vhdl Line: 69
Info (10041): Inferred latch for "mem_address[4]" at control_unit.vhdl(69) File: C:/intelFPGA_lite/18.1/Projects/IITB_Proc/control_unit.vhdl Line: 69
Info (10041): Inferred latch for "mem_address[5]" at control_unit.vhdl(69) File: C:/intelFPGA_lite/18.1/Projects/IITB_Proc/control_unit.vhdl Line: 69
Info (10041): Inferred latch for "mem_address[6]" at control_unit.vhdl(69) File: C:/intelFPGA_lite/18.1/Projects/IITB_Proc/control_unit.vhdl Line: 69
Info (10041): Inferred latch for "mem_address[7]" at control_unit.vhdl(69) File: C:/intelFPGA_lite/18.1/Projects/IITB_Proc/control_unit.vhdl Line: 69
Info (10041): Inferred latch for "mem_address[8]" at control_unit.vhdl(69) File: C:/intelFPGA_lite/18.1/Projects/IITB_Proc/control_unit.vhdl Line: 69
Info (10041): Inferred latch for "mem_address[9]" at control_unit.vhdl(69) File: C:/intelFPGA_lite/18.1/Projects/IITB_Proc/control_unit.vhdl Line: 69
Info (10041): Inferred latch for "mem_address[10]" at control_unit.vhdl(69) File: C:/intelFPGA_lite/18.1/Projects/IITB_Proc/control_unit.vhdl Line: 69
Info (10041): Inferred latch for "mem_address[11]" at control_unit.vhdl(69) File: C:/intelFPGA_lite/18.1/Projects/IITB_Proc/control_unit.vhdl Line: 69
Info (10041): Inferred latch for "mem_address[12]" at control_unit.vhdl(69) File: C:/intelFPGA_lite/18.1/Projects/IITB_Proc/control_unit.vhdl Line: 69
Info (10041): Inferred latch for "mem_address[13]" at control_unit.vhdl(69) File: C:/intelFPGA_lite/18.1/Projects/IITB_Proc/control_unit.vhdl Line: 69
Info (10041): Inferred latch for "mem_address[14]" at control_unit.vhdl(69) File: C:/intelFPGA_lite/18.1/Projects/IITB_Proc/control_unit.vhdl Line: 69
Info (10041): Inferred latch for "mem_address[15]" at control_unit.vhdl(69) File: C:/intelFPGA_lite/18.1/Projects/IITB_Proc/control_unit.vhdl Line: 69
Info (12128): Elaborating entity "Memory_asyncread_syncwrite" for hierarchy "Memory_asyncread_syncwrite:Mem" File: C:/intelFPGA_lite/18.1/Projects/IITB_Proc/control_unit.vhdl Line: 61
Info (12128): Elaborating entity "register_file_VHDL" for hierarchy "register_file_VHDL:RF" File: C:/intelFPGA_lite/18.1/Projects/IITB_Proc/control_unit.vhdl Line: 64
Info (17049): 104 registers lost all their fanouts during netlist optimizations.
Warning (21074): Design contains 2 input pin(s) that do not drive logic
    Warning (15610): No output dependent on input pin "RST" File: C:/intelFPGA_lite/18.1/Projects/IITB_Proc/control_unit.vhdl Line: 6
    Warning (15610): No output dependent on input pin "clk" File: C:/intelFPGA_lite/18.1/Projects/IITB_Proc/control_unit.vhdl Line: 6
Info (21057): Implemented 2 device resources after synthesis - the final resource count might be different
    Info (21058): Implemented 2 input pins
    Info (21059): Implemented 0 output pins
Info: Quartus Prime Analysis & Synthesis was successful. 0 errors, 35 warnings
    Info: Peak virtual memory: 4788 megabytes
    Info: Processing ended: Mon May 06 19:24:20 2019
    Info: Elapsed time: 00:00:21
    Info: Total CPU time (on all processors): 00:00:35


