Flow report for digital_project
Mon May 06 19:24:33 2019
Quartus Prime Version 18.1.0 Build 625 09/12/2018 SJ Lite Edition


---------------------
; Table of Contents ;
---------------------
  1. Legal Notice
  2. Flow Summary
  3. Flow Settings
  4. Flow Non-Default Global Settings
  5. Flow Elapsed Time
  6. Flow OS Summary
  7. Flow Log
  8. Flow Messages
  9. Flow Suppressed Messages



----------------
; Legal Notice ;
----------------
Copyright (C) 2018  Intel Corporation. All rights reserved.
Your use of Intel Corporation's design tools, logic functions 
and other software and tools, and its AMPP partner logic 
functions, and any output files from any of the foregoing 
(including device programming or simulation files), and any 
associated documentation or information are expressly subject 
to the terms and conditions of the Intel Program License 
Subscription Agreement, the Intel Quartus Prime License Agreement,
the Intel FPGA IP License Agreement, or other applicable license
agreement, including, without limitation, that your use is for
the sole purpose of programming logic devices manufactured by
Intel and sold by Intel or its authorized distributors.  Please
refer to the applicable agreement for further details.



+---------------------------------------------------------------------+
; Flow Summary                                                        ;
+-----------------------+---------------------------------------------+
; Flow Status           ; Successful - Mon May 06 19:24:33 2019       ;
; Quartus Prime Version ; 18.1.0 Build 625 09/12/2018 SJ Lite Edition ;
; Revision Name         ; digital_project                             ;
; Top-level Entity Name ; control_unit                                ;
; Family                ; MAX V                                       ;
; Device                ; 5M1270ZT144C5                               ;
; Timing Models         ; Final                                       ;
; Total logic elements  ; 0 / 1,270 ( 0 % )                           ;
; Total pins            ; 2 / 114 ( 2 % )                             ;
; Total virtual pins    ; 0                                           ;
; UFM blocks            ; 0 / 1 ( 0 % )                               ;
+-----------------------+---------------------------------------------+


+-----------------------------------------+
; Flow Settings                           ;
+-------------------+---------------------+
; Option            ; Setting             ;
+-------------------+---------------------+
; Start date & time ; 05/06/2019 19:24:01 ;
; Main task         ; Compilation         ;
; Revision Name     ; digital_project     ;
+-------------------+---------------------+


+------------------------------------------------------------------------------------------------------------------+
; Flow Non-Default Global Settings                                                                                 ;
+-------------------------------+---------------------------------+-----------------+-------------+----------------+
; Assignment Name               ; Value                           ; Default Value   ; Entity Name ; Section Id     ;
+-------------------------------+---------------------------------+-----------------+-------------+----------------+
; COMPILER_SIGNATURE_ID         ; 260097671947288.155715084003988 ; --              ; --          ; --             ;
; EDA_OUTPUT_DATA_FORMAT        ; Vhdl                            ; --              ; --          ; eda_simulation ;
; EDA_SIMULATION_TOOL           ; ModelSim-Altera (VHDL)          ; <None>          ; --          ; --             ;
; EDA_TIME_SCALE                ; 1 ps                            ; --              ; --          ; eda_simulation ;
; MAX_CORE_JUNCTION_TEMP        ; 85                              ; --              ; --          ; --             ;
; MIN_CORE_JUNCTION_TEMP        ; 0                               ; --              ; --          ; --             ;
; POWER_PRESET_COOLING_SOLUTION ; No Heat Sink With Still Air     ; --              ; --          ; --             ;
; PROJECT_OUTPUT_DIRECTORY      ; output_files                    ; --              ; --          ; --             ;
; TOP_LEVEL_ENTITY              ; control_unit                    ; digital_project ; --          ; --             ;
+-------------------------------+---------------------------------+-----------------+-------------+----------------+


+--------------------------------------------------------------------------------------------------------------------------+
; Flow Elapsed Time                                                                                                        ;
+----------------------+--------------+-------------------------+---------------------+------------------------------------+
; Module Name          ; Elapsed Time ; Average Processors Used ; Peak Virtual Memory ; Total CPU Time (on all processors) ;
+----------------------+--------------+-------------------------+---------------------+------------------------------------+
; Analysis & Synthesis ; 00:00:21     ; 1.0                     ; 4788 MB             ; 00:00:35                           ;
; Fitter               ; 00:00:03     ; 1.0                     ; 5113 MB             ; 00:00:02                           ;
; Assembler            ; 00:00:01     ; 1.0                     ; 4672 MB             ; 00:00:01                           ;
; Timing Analyzer      ; 00:00:02     ; 1.0                     ; 4665 MB             ; 00:00:02                           ;
; EDA Netlist Writer   ; 00:00:02     ; 1.0                     ; 4631 MB             ; 00:00:01                           ;
; Total                ; 00:00:29     ; --                      ; --                  ; 00:00:41                           ;
+----------------------+--------------+-------------------------+---------------------+------------------------------------+


+------------------------------------------------------------------------------------+
; Flow OS Summary                                                                    ;
+----------------------+------------------+------------+------------+----------------+
; Module Name          ; Machine Hostname ; OS Name    ; OS Version ; Processor type ;
+----------------------+------------------+------------+------------+----------------+
; Analysis & Synthesis ; SUMRIT-LAPTOP    ; Windows 10 ; 10.0       ; x86_64         ;
; Fitter               ; SUMRIT-LAPTOP    ; Windows 10 ; 10.0       ; x86_64         ;
; Assembler            ; SUMRIT-LAPTOP    ; Windows 10 ; 10.0       ; x86_64         ;
; Timing Analyzer      ; SUMRIT-LAPTOP    ; Windows 10 ; 10.0       ; x86_64         ;
; EDA Netlist Writer   ; SUMRIT-LAPTOP    ; Windows 10 ; 10.0       ; x86_64         ;
+----------------------+------------------+------------+------------+----------------+


------------
; Flow Log ;
------------
quartus_map --read_settings_files=on --write_settings_files=off digital_project -c digital_project
quartus_fit --read_settings_files=off --write_settings_files=off digital_project -c digital_project
quartus_asm --read_settings_files=off --write_settings_files=off digital_project -c digital_project
quartus_sta digital_project -c digital_project
quartus_eda --read_settings_files=off --write_settings_files=off digital_project -c digital_project



